Log file open, 07/04/17 15:24:24
LogInit:Display: Running engine for game: Life
LogPlatformFile: Not using cached read wrapper
LogInit:Display: RandInit(-833751100) SRandInit(-833751100).
LogTaskGraph: Started task graph with 5 named threads and 8 total threads with 1 sets of task threads.
LogStats: Stats thread started at 0.164918
LogInit: Using libcurl 7.47.1
LogInit:  - built for x86_64-pc-win32
LogInit:  - supports SSL with OpenSSL/1.0.2g
LogInit:  - supports HTTP deflate (compression) using libz 1.2.8
LogInit:  - other features:
LogInit:      CURL_VERSION_SSL
LogInit:      CURL_VERSION_LIBZ
LogInit:      CURL_VERSION_IPV6
LogInit:      CURL_VERSION_ASYNCHDNS
LogInit:      CURL_VERSION_LARGEFILE
LogInit:      CURL_VERSION_IDN
LogInit:  CurlRequestOptions (configurable via config and command line):
LogInit:  - bVerifyPeer = false  - Libcurl will NOT verify peer certificate
LogInit:  - bUseHttpProxy = false  - Libcurl will NOT use HTTP proxy
LogInit:  - bDontReuseConnections = false  - Libcurl will reuse connections
LogInit:  - CertBundlePath = nullptr  - Libcurl will use whatever was configured at build time.
OCULUS: Info: [CAPI] LibOVR module is located at C:\Program Files\Oculus\Support\oculus-runtime\LibOVRRT64_1.dll
OCULUS: Debug: Connected to the server running version (prod = 1).1.16.0(build = 409268) feature version = 0. Client runs version (prod = 1).1.16.0(build = 409268) feature version = 0
LogHMD: GearVR: Emulating GearVR using Oculus Rift!
LogInit: Build: ++UE4+Release-4.16-CL-3466753
LogInit: Engine Version: 4.16.1-3466753+++UE4+Release-4.16
LogInit: Compatible Engine Version: 4.16.0-3452394+++UE4+Release-4.16
LogInit: Net CL: 3452394
LogDevObjectVersion: Number of dev versions registered: 16
LogDevObjectVersion:   Dev-Blueprints (B0D832E4-1F89-4F0D-ACCF-7EB736FD4AA2): 9
LogDevObjectVersion:   Dev-Build (E1C64328-A22C-4D53-A36C-8E866417BD8C): 0
LogDevObjectVersion:   Dev-Core (375EC13C-06E4-48FB-B500-84F0262A717E): 2
LogDevObjectVersion:   Dev-Editor (E4B068ED-F494-42E9-A231-DA0B2E46BB41): 17
LogDevObjectVersion:   Dev-Framework (CFFC743F-43B0-4480-9391-14DF171D2073): 23
LogDevObjectVersion:   Dev-Mobile (B02B49B5-BB20-44E9-A304-32B752E40360): 0
LogDevObjectVersion:   Dev-Networking (A4E4105C-59A1-49B5-A7C5-40C4547EDFEE): 0
LogDevObjectVersion:   Dev-Online (39C831C9-5AE6-47DC-9A44-9C173E1C8E7C): 0
LogDevObjectVersion:   Dev-Physics (78F01B33-EBEA-4F98-B9B4-84EACCB95AA2): 0
LogDevObjectVersion:   Dev-Platform (6631380F-2D4D-43E0-8009-CF276956A95A): 0
LogDevObjectVersion:   Dev-Rendering (12F88B9F-8875-4AFC-A67C-D90C383ABD29): 15
LogDevObjectVersion:   Dev-Sequencer (7B5AE74C-D270-4C10-A958-57980B212A5A): 4
LogDevObjectVersion:   Dev-VR (D7296918-1DD6-4BDD-9DE2-64A83CC13884): 0
LogDevObjectVersion:   Dev-LoadTimes (C2A15278-BFE7-4AFE-6C17-90FF531DF755): 1
LogDevObjectVersion:   Private-Geometry (6EACA3D4-40EC-4CC1-B786-8BED09428FC5): 1
LogDevObjectVersion:   Dev-AnimPhys (29E575DD-E0A3-4627-9D10-D276232CDCEA): 3
LogInit: Compiled (64-bit): May 31 2017 02:03:30
LogInit: Compiled with Visual C++: 19.00.24215.01
LogInit: Build Configuration: Development
LogInit: Branch Name: ++UE4+Release-4.16
LogInit: Command line:  
LogInit: Base directory: E:/Epic Games/UE_4.16/Engine/Binaries/Win64/
LogInit: Installed Engine Build: 1
LogInit: Presizing for max 8388607 objects, including 0 objects not considered by GC, pre-allocating 0 bytes for permanent pool.
LogInit: Object subsystem initialized
[2017.07.04-14.24.25:639][  0]LogInit: Selected Device Profile: [Windows]
[2017.07.04-14.24.25:639][  0]LogInit: Applying CVar settings loaded from the selected device profile: [Windows]
[2017.07.04-14.24.25:663][  0]LogInit: Computer: RAMSAY
[2017.07.04-14.24.25:663][  0]LogInit: User: Tom
[2017.07.04-14.24.25:663][  0]LogInit: CPU Page size=4096, Cores=4
[2017.07.04-14.24.25:663][  0]LogInit: High frequency timer resolution =3.903986 MHz
[2017.07.04-14.24.25:664][  0]LogMemory: Memory total: Physical=15.9GB (16GB approx)
[2017.07.04-14.24.25:664][  0]LogMemory: Platform Memory Stats for Windows
[2017.07.04-14.24.25:664][  0]LogMemory: Process Physical Memory: 278.83 MB used, 278.83 MB peak
[2017.07.04-14.24.25:664][  0]LogMemory: Process Virtual Memory: 264.47 MB used, 264.47 MB peak
[2017.07.04-14.24.25:664][  0]LogMemory: Physical Memory: 5659.30 MB used,  10666.78 MB free, 16326.08 MB total
[2017.07.04-14.24.25:664][  0]LogMemory: Virtual Memory: 666.10 MB used,  10666.78 MB free, 134217728.00 MB total
[2017.07.04-14.24.26:138][  0]LogInit: Using OS detected language (en-US).
[2017.07.04-14.24.26:138][  0]LogInit: Using OS detected locale (en-GB).
[2017.07.04-14.24.26:385][  0]LogTextLocalizationManager: No specific localization for 'en-US' exists, so the 'en' localization will be used.
[2017.07.04-14.24.28:589][  0]LogD3D11RHI: D3D11 adapters:
[2017.07.04-14.24.29:074][  0]LogD3D11RHI:    0. 'NVIDIA GeForce GTX 960' (Feature Level 11_0)
[2017.07.04-14.24.29:074][  0]LogD3D11RHI:       2016/0/8163 MB DedicatedVideo/DedicatedSystem/SharedSystem, Outputs:2, VendorId:0x10de
[2017.07.04-14.24.29:075][  0]LogD3D11RHI:    1. 'Microsoft Basic Render Driver' (Feature Level 11_0)
[2017.07.04-14.24.29:075][  0]LogD3D11RHI:       0/0/8163 MB DedicatedVideo/DedicatedSystem/SharedSystem, Outputs:0, VendorId:0x1414
[2017.07.04-14.24.29:075][  0]LogD3D11RHI: Chosen D3D11 Adapter: 0
[2017.07.04-14.24.29:078][  0]LogD3D11RHI: Creating new Direct3DDevice
[2017.07.04-14.24.29:078][  0]LogD3D11RHI:     GPU DeviceId: 0x1401 (for the marketing name, search the web for "GPU Device Id")
[2017.07.04-14.24.29:078][  0]LogWindows: EnumDisplayDevices:
[2017.07.04-14.24.29:079][  0]LogWindows:    0. 'NVIDIA GeForce GTX 960' (P:1 D:1)
[2017.07.04-14.24.29:079][  0]LogWindows:    1. 'NVIDIA GeForce GTX 960' (P:0 D:1)
[2017.07.04-14.24.29:079][  0]LogWindows:    2. 'NVIDIA GeForce GTX 960' (P:0 D:0)
[2017.07.04-14.24.29:079][  0]LogWindows:    3. 'NVIDIA GeForce GTX 960' (P:0 D:0)
[2017.07.04-14.24.29:079][  0]LogWindows: DebugString: FoundDriverCount:4 
[2017.07.04-14.24.29:079][  0]LogD3D11RHI:     Adapter Name: NVIDIA GeForce GTX 960
[2017.07.04-14.24.29:079][  0]LogD3D11RHI:   Driver Version: 382.53 (internal:22.21.13.8253, unified:382.53)
[2017.07.04-14.24.29:079][  0]LogD3D11RHI:      Driver Date: 6-7-2017
[2017.07.04-14.24.29:079][  0]LogRHI: Texture pool is 1361 MB (70% of 1945 MB)
[2017.07.04-14.24.29:574][  0]LogD3D11RHI: Async texture creation enabled
[2017.07.04-14.24.29:610][  0]LogD3D11RHI: GPU Timing Frequency: 1000.000000 (Debug: 2 1)
[2017.07.04-14.24.29:660][  0]LogShaderCompilers: Guid format shader working directory is 5 characters bigger than the processId version (C:/Users/Tom/Documents/GitHub/Life/Life/Intermediate/Shaders/WorkingDirectory/4324/).
[2017.07.04-14.24.29:661][  0]LogShaderCompilers: Cleaned the shader compiler working directory 'C:/Users/Tom/AppData/Local/Temp/UnrealShaderWorkingDir/C6488AB64A84C8574D055E8EFE3387A4/'.
[2017.07.04-14.24.29:661][  0]LogShaderCompilers:Display: Using Local Shader Compiler.
[2017.07.04-14.24.33:327][  0]LogTemp:Display: Loaded TP AllDesktopTargetPlatform
[2017.07.04-14.24.33:365][  0]LogTemp:Display: Loaded TP MacClientTargetPlatform
[2017.07.04-14.24.33:404][  0]LogTemp:Display: Loaded TP MacNoEditorTargetPlatform
[2017.07.04-14.24.33:443][  0]LogTemp:Display: Loaded TP MacServerTargetPlatform
[2017.07.04-14.24.33:495][  0]LogTemp:Display: Loaded TP MacTargetPlatform
[2017.07.04-14.24.33:534][  0]LogTemp:Display: Loaded TP WindowsClientTargetPlatform
[2017.07.04-14.24.33:575][  0]LogTemp:Display: Loaded TP WindowsNoEditorTargetPlatform
[2017.07.04-14.24.33:614][  0]LogTemp:Display: Loaded TP WindowsServerTargetPlatform
[2017.07.04-14.24.33:650][  0]LogTemp:Display: Loaded TP WindowsTargetPlatform
[2017.07.04-14.24.33:695][  0]LogTemp:Display: Loaded TP AndroidTargetPlatform
[2017.07.04-14.24.33:734][  0]LogTemp:Display: Loaded TP Android_ASTCTargetPlatform
[2017.07.04-14.24.33:774][  0]LogTemp:Display: Loaded TP Android_ATCTargetPlatform
[2017.07.04-14.24.33:813][  0]LogTemp:Display: Loaded TP Android_DXTTargetPlatform
[2017.07.04-14.24.33:852][  0]LogTemp:Display: Loaded TP Android_ETC1TargetPlatform
[2017.07.04-14.24.33:891][  0]LogTemp:Display: Loaded TP Android_ETC2TargetPlatform
[2017.07.04-14.24.33:968][  0]LogTemp:Display: Loaded TP Android_MultiTargetPlatform
[2017.07.04-14.24.33:968][  0]LogTemp:Display: Loaded TP Android_PVRTCTargetPlatform
[2017.07.04-14.24.33:999][  0]LogTemp:Display: Loaded TP HTML5TargetPlatform
[2017.07.04-14.24.34:121][  0]LogTemp:Display: Loaded TP IOSTargetPlatform
[2017.07.04-14.24.34:146][  0]LogTemp:Display: Loaded TP TVOSTargetPlatform
[2017.07.04-14.24.34:187][  0]LogTemp:Display: Loaded TP LinuxClientTargetPlatform
[2017.07.04-14.24.34:226][  0]LogTemp:Display: Loaded TP LinuxNoEditorTargetPlatform
[2017.07.04-14.24.34:265][  0]LogTemp:Display: Loaded TP LinuxServerTargetPlatform
[2017.07.04-14.24.34:328][  0]LogTemp:Display: Loaded TP LinuxTargetPlatform
[2017.07.04-14.24.34:328][  0]LogTargetPlatformManager:Display: Building Assets For Windows
[2017.07.04-14.24.35:377][  0]LogDerivedDataCache:Display: Max Cache Size: 512 MB
[2017.07.04-14.24.35:736][  0]LogDerivedDataCache: Loaded boot cache 0.36s 90MB C:/Users/Tom/AppData/Local/UnrealEngine/4.16/DerivedDataCache/Boot.ddc.
[2017.07.04-14.24.35:736][  0]LogDerivedDataCache:Display: Loaded Boot cache: C:/Users/Tom/AppData/Local/UnrealEngine/4.16/DerivedDataCache/Boot.ddc
[2017.07.04-14.24.35:737][  0]LogDerivedDataCache: FDerivedDataBackendGraph:  Pak pak cache file C:/Users/Tom/Documents/GitHub/Life/Life/DerivedDataCache/DDC.ddp not found, will not use a pak cache.
[2017.07.04-14.24.35:737][  0]LogDerivedDataCache: Unable to find inner node Pak for hierarchical cache Hierarchy.
[2017.07.04-14.24.35:737][  0]LogDerivedDataCache: FDerivedDataBackendGraph:  CompressedPak pak cache file C:/Users/Tom/Documents/GitHub/Life/Life/DerivedDataCache/Compressed.ddp not found, will not use a pak cache.
[2017.07.04-14.24.35:737][  0]LogDerivedDataCache: Unable to find inner node CompressedPak for hierarchical cache Hierarchy.
[2017.07.04-14.24.35:817][  0]LogDerivedDataCache:Display: Pak cache opened for reading ../../../Engine/DerivedDataCache/Compressed.ddp.
[2017.07.04-14.24.35:829][  0]LogDerivedDataCache: Using Local data cache path C:/Users/Tom/AppData/Local/UnrealEngine/Common/DerivedDataCache: Writable
[2017.07.04-14.24.35:838][  0]LogMaterial: Verifying Global Shaders for PCD3D_SM5
[2017.07.04-14.24.35:838][  0]LogSlate: Using Freetype 2.6.0
[2017.07.04-14.24.35:908][  0]LogSlate: SlateFontCache - WITH_FREETYPE: 1, WITH_HARFBUZZ: 1
[2017.07.04-14.24.35:908][  0]LogSlate: SlateFontCache - WITH_FREETYPE: 1, WITH_HARFBUZZ: 1
[2017.07.04-14.24.38:804][  0]LogInit: Selected Device Profile: [Windows]
[2017.07.04-14.24.39:279][  0]LogContentStreaming: Texture pool size is 0.00 MB
[2017.07.04-14.24.39:733][  0]LogMeshUtilities: Using QuadricMeshReduction for automatic static mesh reduction
[2017.07.04-14.24.39:868][  0]LogSimplygon: Simplygon DLL not present - disabling.
[2017.07.04-14.24.39:934][  0]LogMeshUtilities: Using SimplygonSwarm for distributed automatic mesh merging
[2017.07.04-14.24.39:934][  0]LogMeshUtilities: No automatic skeletal mesh reduction module available
[2017.07.04-14.24.39:934][  0]LogMeshUtilities: No automatic mesh merging module available
[2017.07.04-14.24.42:410][  0]LogNetVersion: Life , NetCL: 3452394, EngineNetVer: 2, GameNetVer: 0 (Checksum: 205495349)
[2017.07.04-14.24.42:562][  0]LogAssetRegistry: FAssetRegistry took 0.0251 seconds to start up
[2017.07.04-14.24.42:617][  0]LogPackageLocalizationCache: Processed 4 localized package path(s) for 2 prioritized culture(s) in 0.042984 seconds
[2017.07.04-14.24.42:622][  0]LogUObjectArray: 34194 objects as part of root set at end of initial load.
[2017.07.04-14.24.42:622][  0]LogUObjectAllocator: 7260416 out of 0 bytes used by permanent object pool.
[2017.07.04-14.24.42:622][  0]LogUObjectArray: CloseDisregardForGC: 0/0 objects in disregard for GC pool
[2017.07.04-14.24.42:692][  0]LogInit: WinSock: version 1.1 (2.2), MaxSocks=32767, MaxUdp=65467
[2017.07.04-14.25.04:224][  0]LogTcpMessaging: Initializing TcpMessaging bridge
[2017.07.04-14.25.04:275][  0]LogUdpMessaging: Initializing bridge on interface 0.0.0.0:0 to multicast group 230.0.0.1:6666.
[2017.07.04-14.25.05:440][  0]LogMaterial: Uniform references updated for custom material expression Custom.
[2017.07.04-14.25.06:009][  0]SourceControl: Info Source control is disabled
[2017.07.04-14.25.06:432][  0]SourceControl: Info Source control is disabled
[2017.07.04-14.25.06:534][  0]SourceControl: Info Source control is disabled
[2017.07.04-14.25.06:644][  0]SourceControl: Info Source control is disabled
[2017.07.04-14.25.07:965][  0]LogAndroidPermission: UAndroidPermissionCallbackProxy::GetInstance
[2017.07.04-14.25.08:807][  0]LogEngine: Initializing Engine...
[2017.07.04-14.25.16:370][  0]LogHMD: Failed to initialize OpenVR with code 108
[2017.07.04-14.25.16:371][  0]LogHMD: Oculus plugin initialized. Version: 4.16.1-3466753+++UE4+Release-4.16, LibOVR: 1.16.0, SDK: 1.12.0, built May 31 2017, 02:11:10
[2017.07.04-14.25.18:826][  0]LogStats: UGameplayTagsManager::ConstructGameplayTagTree: Construct from data asset -  0.000 s
[2017.07.04-14.25.18:826][  0]LogStats: UGameplayTagsManager::ConstructGameplayTagTree: GameplayTagTreeChangedEvent.Broadcast -  0.000 s
[2017.07.04-14.25.19:038][  0]LogAIModule: Creating AISystem for world Untitled
[2017.07.04-14.25.19:068][  0]LogInit: XAudio2 using 'Speakers (Realtek High Definition Audio)' : 2 channels at 48 kHz using 32 bits per sample (channel mask 0x3)
[2017.07.04-14.25.19:079][  0]LogInit: FAudioDevice initialized.
[2017.07.04-14.25.19:121][  0]LogDerivedDataCache: Saved boot cache 0.04s 90MB C:/Users/Tom/AppData/Local/UnrealEngine/4.16/DerivedDataCache/Boot.ddc.
[2017.07.04-14.25.19:130][  0]LogInit: Texture streaming: Enabled
[2017.07.04-14.25.19:406][  0]LogEngineSessionManager: EngineSessionManager initialized
[2017.07.04-14.25.19:964][  0]LogInit: Transaction tracking system initialized
[2017.07.04-14.25.20:283][  0]BlueprintLog: New page: Editor Load
[2017.07.04-14.25.21:648][  0]LocalizationService: Info Localization service is disabled
[2017.07.04-14.25.22:524][  0]LogConsoleResponse:Display: 
[2017.07.04-14.25.24:706][  0]LogCook:Display: Max memory allowance for cook 16384mb min free memory 0mb
[2017.07.04-14.25.24:706][  0]LogCook:Display: Mobile HDR setting 1
[2017.07.04-14.25.25:847][  0]LogFileCache: Scanning file cache for directory 'C:/Users/Tom/Documents/GitHub/Life/Life/Content/' took 0.02s
[2017.07.04-14.25.27:819][  0]SourceControl: Info Source control is disabled
[2017.07.04-14.25.27:819][  0]Cmd: MAP LOAD FILE="C:/Users/Tom/Documents/GitHub/Life/Life/Content/FirstPersonBP/Maps/FirstPersonExampleMap.umap" TEMPLATE=0 SHOWPROGRESS=1 FEATURELEVEL=3
[2017.07.04-14.25.27:821][  0]LightingResults: New page: Lighting Build
[2017.07.04-14.25.27:848][  0]MapCheck: New page: Map Check
[2017.07.04-14.25.27:849][  0]LightingResults: New page: Lighting Build
[2017.07.04-14.25.28:562][  0]LogAIModule: Creating AISystem for world FirstPersonExampleMap
[2017.07.04-14.25.28:618][  0]LogEditorServer: Finished looking for orphan Actors (0.000 secs)
[2017.07.04-14.25.28:630][  0]Cmd: MAP CHECKDEP NOCLEARLOG
[2017.07.04-14.25.28:674][  0]MapCheck: Info Map check complete: 0 Error(s), 0 Warning(s), took 43.688ms to complete.
[2017.07.04-14.25.28:674][  0]LogFileHelpers: Loading map 'FirstPersonExampleMap' took 0.855
[2017.07.04-14.25.28:990][  0]LogCollectionManager: Loaded 0 collections in 0.001117 seconds
[2017.07.04-14.25.29:056][  0]LogFileCache: Scanning file cache for directory 'C:/Users/Tom/Documents/GitHub/Life/Life/Saved/Collections/' took 0.01s
[2017.07.04-14.25.29:056][  0]LogFileCache: Scanning file cache for directory 'C:/Users/Tom/Documents/GitHub/Life/Life/Content/Developers/Tom/Collections/' took 0.01s
[2017.07.04-14.25.29:056][  0]LogFileCache: Scanning file cache for directory 'C:/Users/Tom/Documents/GitHub/Life/Life/Content/Collections/' took 0.01s
[2017.07.04-14.25.29:056][  0]LogCollectionManager: Rebuilt the GUID cache for 0 collections in 0.000003 seconds
[2017.07.04-14.25.29:063][  0]LogContentBrowser: Native class hierarchy populated in 0.0073 seconds. Added 2329 classes and 491 folders.
[2017.07.04-14.25.29:102][  0]LogContentBrowser: Native class hierarchy updated for 'WidgetCarousel' in 0.0005 seconds. Added 0 classes and 0 folders.
[2017.07.04-14.25.29:935][  0]LogContentBrowser: Native class hierarchy updated for 'AddContentDialog' in 0.0005 seconds. Added 0 classes and 0 folders.
[2017.07.04-14.25.30:008][  0]LogContentBrowser: Native class hierarchy updated for 'SceneOutliner' in 0.0005 seconds. Added 1 classes and 2 folders.
[2017.07.04-14.25.30:056][  0]LogCrashTracker: Crashtracker disabled due to settings.
[2017.07.04-14.25.30:073][  0]LogSlate: Took 0.012354 seconds to synchronously load lazily loaded font '../../../Engine/Content/Slate/Fonts/Roboto-Regular.ttf' (155K)
[2017.07.04-14.25.30:083][  0]LogSlate: Took 0.008801 seconds to synchronously load lazily loaded font '../../../Engine/Content/Slate/Fonts/Roboto-Bold.ttf' (160K)
[2017.07.04-14.25.30:098][  0]LogSlate: Took 0.010573 seconds to synchronously load lazily loaded font '../../../Engine/Content/Editor/Slate/Fonts/FontAwesome.ttf' (139K)
[2017.07.04-14.25.30:358][  0]LogRenderer: Reallocating scene render targets to support 1116x600 NumSamples 1 (Frame:1).
[2017.07.04-14.25.30:447][  0]LogUObjectGlobals:Warning: Failed to find object 'Class None.'
[2017.07.04-14.25.30:541][  0]LogContentBrowser: Native class hierarchy updated for 'HierarchicalLODOutliner' in 0.0005 seconds. Added 1 classes and 2 folders.
[2017.07.04-14.25.30:542][  0]LogLoad: (Engine Initialization) Total time: 71.15 seconds
[2017.07.04-14.25.30:542][  0]LogLoad: (Engine Initialization) Total Blueprint compile time: 0.26 seconds
[2017.07.04-14.25.30:542][  0]LogExternalProfiler: Found external profiler: VSPerf
[2017.07.04-14.25.30:542][  0]LogExternalProfiler: Using external profiler: VSPerf
[2017.07.04-14.25.30:551][  0]LogOcInput: OculusInput pre-init called
[2017.07.04-14.25.30:562][  0]LogOcInput: OculusInput is initialized. Init status 0. Runtime version: 1.16.0
[2017.07.04-14.25.30:562][  0]LogHMD: Starting GearVRController plugin
[2017.07.04-14.25.30:576][  0]LogAssetRegistry: Asset discovery search completed in 48.0345 seconds
[2017.07.04-14.25.30:577][  0]LogCollectionManager: Rebuilt the object cache for 0 collections in 0.000001 seconds (found 0 objects)
[2017.07.04-14.25.30:577][  0]LogCollectionManager: Fixed up redirectors for 0 collections in 0.000025 seconds (updated 0 objects)
[2017.07.04-14.25.30:579][  0]LogContentStreaming: Texture pool size now 1000 MB
[2017.07.04-14.25.30:664][  0]LogSlate: Took 0.019808 seconds to synchronously load lazily loaded font '../../../Engine/Content/Slate/Fonts/Roboto-Light.ttf' (159K)
[2017.07.04-14.25.34:286][422]Cmd: MAP LOAD FILE="C:/Users/Tom/Documents/GitHub/Life/Life/Content/Levels/LifeDemo.umap" TEMPLATE=0 SHOWPROGRESS=1 FEATURELEVEL=3
[2017.07.04-14.25.34:293][422]LogSlate: Took 0.000204 seconds to synchronously load lazily loaded font '../../../Engine/Content/Slate/Fonts/Roboto-Light.ttf' (159K)
[2017.07.04-14.25.34:299][422]LightingResults: New page: Lighting Build
[2017.07.04-14.25.34:299][422]LoadErrors: New page: Loading map: LifeDemo.umap
[2017.07.04-14.25.34:301][422]MapCheck: New page: Map Check
[2017.07.04-14.25.34:301][422]LightingResults: New page: Lighting Build
[2017.07.04-14.25.34:499][422]LogAIModule: Creating AISystem for world LifeDemo
[2017.07.04-14.25.34:518][422]LogEditorServer: Finished looking for orphan Actors (0.000 secs)
[2017.07.04-14.25.34:540][422]Cmd: MAP CHECKDEP NOCLEARLOG
[2017.07.04-14.25.34:583][422]MapCheck: Info Map check complete: 0 Error(s), 0 Warning(s), took 42.02ms to complete.
[2017.07.04-14.25.34:583][422]LogFileHelpers: Loading map 'LifeDemo' took 0.298
[2017.07.04-14.27.19:415][801]LogEditorViewport: Clicking on Actor (LMB): BP_Sky_Sphere_C (Sky Sphere)
[2017.07.04-14.28.15:385][230]LogEditorViewport: Clicking on Actor (CTRL LMB): Brush (Box Brush187)
[2017.07.04-14.28.18:433][544]LogEditorViewport: Clicking on Actor (CTRL LMB): Brush (Box Brush164)
[2017.07.04-14.28.20:434][759]LogEditorViewport: Clicking on Actor (CTRL LMB): Brush (Box Brush64)
[2017.07.04-14.28.23:295][ 70]LogEditorViewport: Clicking on Actor (CTRL LMB): Brush (Box Brush171)
[2017.07.04-14.28.24:417][190]LogEditorViewport: Clicking on Actor (CTRL LMB): Brush (Box Brush172)
[2017.07.04-14.28.25:738][332]LogEditorViewport: Clicking on Actor (CTRL LMB): TriggerBox (TriggerBox3)
[2017.07.04-14.28.29:226][667]LogEditorViewport: Clicking on Actor (CTRL LMB): Brush (Box Brush183)
[2017.07.04-14.28.29:917][740]LogEditorViewport: Clicking on Actor (CTRL LMB): Brush (Box Brush181)
[2017.07.04-14.28.31:307][889]LogEditorViewport: Clicking on Actor (CTRL LMB): Brush (Box Brush173)
[2017.07.04-14.28.32:394][999]LogEditorViewport: Clicking on Actor (CTRL LMB): Brush (Box Brush153)
[2017.07.04-14.28.35:348][308]LogEditorViewport: Clicking on Actor (CTRL LMB): Brush (Box Brush186)
[2017.07.04-14.28.36:244][406]LogEditorViewport: Clicking on Actor (CTRL LMB): Brush (Box Brush170)
[2017.07.04-14.28.41:485][975]LogEditorViewport: Clicking on Actor (CTRL LMB): Brush (Box Brush162)
[2017.07.04-14.28.43:578][193]LogEditorViewport: Clicking on Actor (CTRL LMB): Brush (Box Brush163)
[2017.07.04-14.28.48:523][726]LogEditorViewport: Clicking on Actor (CTRL LMB): Brush (Box Brush174)
[2017.07.04-14.28.55:529][466]LogEditorViewport: Clicking on Actor (CTRL LMB): Brush (Box Brush155)
[2017.07.04-14.28.57:621][695]LogEditorViewport: Clicking on Actor (CTRL LMB): Brush (Box Brush156)
[2017.07.04-14.28.58:826][828]LogEditorViewport: Clicking on Actor (CTRL LMB): Brush (Box Brush166)
[2017.07.04-14.29.13:699][234]Cmd: TRANSACTION UNDO
[2017.07.04-14.29.13:699][234]LogEditorTransaction: Undo Move Actors
[2017.07.04-14.29.13:734][234]LogActorComponent: ~FComponentReregisterContext: (/Game/Levels/LifeDemo.LifeDemo:PersistentLevel.BoxBrush45_89.BrushComponent0) Component already registered.
[2017.07.04-14.29.13:734][234]LogActorComponent: ~FComponentReregisterContext: (/Game/Levels/LifeDemo.LifeDemo:PersistentLevel.BoxBrush42_84.BrushComponent0) Component already registered.
[2017.07.04-14.29.13:734][234]LogActorComponent: ~FComponentReregisterContext: (/Game/Levels/LifeDemo.LifeDemo:PersistentLevel.BoxBrush52.BrushComponent0) Component already registered.
[2017.07.04-14.29.13:735][234]LogActorComponent: ~FComponentReregisterContext: (/Game/Levels/LifeDemo.LifeDemo:PersistentLevel.BoxBrush49.BrushComponent0) Component already registered.
[2017.07.04-14.29.13:736][234]LogActorComponent: ~FComponentReregisterContext: (/Game/Levels/LifeDemo.LifeDemo:PersistentLevel.BoxBrush72_122.BrushComponent0) Component already registered.
[2017.07.04-14.29.13:736][234]LogActorComponent: ~FComponentReregisterContext: (/Game/Levels/LifeDemo.LifeDemo:PersistentLevel.BoxBrush73.BrushComponent0) Component already registered.
[2017.07.04-14.29.13:736][234]LogActorComponent: ~FComponentReregisterContext: (/Game/Levels/LifeDemo.LifeDemo:PersistentLevel.BoxBrush79.BrushComponent0) Component already registered.
[2017.07.04-14.29.13:736][234]LogActorComponent: ~FComponentReregisterContext: (/Game/Levels/LifeDemo.LifeDemo:PersistentLevel.BoxBrush59.BrushComponent0) Component already registered.
[2017.07.04-14.29.13:736][234]LogActorComponent: ~FComponentReregisterContext: (/Game/Levels/LifeDemo.LifeDemo:PersistentLevel.BoxBrush56.BrushComponent0) Component already registered.
[2017.07.04-14.29.13:737][234]LogActorComponent: ~FComponentReregisterContext: (/Game/Levels/LifeDemo.LifeDemo:PersistentLevel.BoxBrush67.BrushComponent0) Component already registered.
[2017.07.04-14.29.13:737][234]LogActorComponent: ~FComponentReregisterContext: (/Game/Levels/LifeDemo.LifeDemo:PersistentLevel.BoxBrush63.BrushComponent0) Component already registered.
[2017.07.04-14.29.13:737][234]LogActorComponent: ~FComponentReregisterContext: (/Game/Levels/LifeDemo.LifeDemo:PersistentLevel.BoxBrush83.BrushComponent0) Component already registered.
[2017.07.04-14.29.13:737][234]LogActorComponent: ~FComponentReregisterContext: (/Game/Levels/LifeDemo.LifeDemo:PersistentLevel.BoxBrush166.BrushComponent0) Component already registered.
[2017.07.04-14.29.13:758][234]LogActorComponent: ~FComponentReregisterContext: (/Game/Levels/LifeDemo.LifeDemo:PersistentLevel.BoxBrush186.BrushComponent0) Component already registered.
[2017.07.04-14.29.13:762][234]LogActorComponent: ~FComponentReregisterContext: (/Game/Levels/LifeDemo.LifeDemo:PersistentLevel.BoxBrush158.BrushComponent0) Component already registered.
[2017.07.04-14.29.13:762][234]LogActorComponent: ~FComponentReregisterContext: (/Game/Levels/LifeDemo.LifeDemo:PersistentLevel.BoxBrush154.BrushComponent0) Component already registered.
[2017.07.04-14.29.13:762][234]LogActorComponent: ~FComponentReregisterContext: (/Game/Levels/LifeDemo.LifeDemo:PersistentLevel.BoxBrush200.BrushComponent0) Component already registered.
[2017.07.04-14.29.13:763][234]LogActorComponent: ~FComponentReregisterContext: (/Game/Levels/LifeDemo.LifeDemo:PersistentLevel.BoxBrush164.BrushComponent0) Component already registered.
[2017.07.04-14.29.13:764][234]LogActorComponent: ~FComponentReregisterContext: (/Game/Levels/LifeDemo.LifeDemo:PersistentLevel.BoxBrush17_31.BrushComponent0) Component already registered.
[2017.07.04-14.29.13:764][234]LogActorComponent: ~FComponentReregisterContext: (/Game/Levels/LifeDemo.LifeDemo:PersistentLevel.BoxBrush13_22.BrushComponent0) Component already registered.
[2017.07.04-14.29.13:765][234]LogActorComponent: ~FComponentReregisterContext: (/Game/Levels/LifeDemo.LifeDemo:PersistentLevel.BoxBrush10_17.BrushComponent0) Component already registered.
[2017.07.04-14.29.13:765][234]LogActorComponent: ~FComponentReregisterContext: (/Game/Levels/LifeDemo.LifeDemo:PersistentLevel.BoxBrush6_12.BrushComponent0) Component already registered.
[2017.07.04-14.29.13:766][234]LogActorComponent: ~FComponentReregisterContext: (/Game/Levels/LifeDemo.LifeDemo:PersistentLevel.BoxBrush7.BrushComponent0) Component already registered.
[2017.07.04-14.29.13:767][234]LogActorComponent: ~FComponentReregisterContext: (/Game/Levels/LifeDemo.LifeDemo:PersistentLevel.BoxBrush144.BrushComponent0) Component already registered.
[2017.07.04-14.29.13:767][234]LogActorComponent: ~FComponentReregisterContext: (/Game/Levels/LifeDemo.LifeDemo:PersistentLevel.BoxBrush140.BrushComponent0) Component already registered.
[2017.07.04-14.29.13:767][234]LogActorComponent: ~FComponentReregisterContext: (/Game/Levels/LifeDemo.LifeDemo:PersistentLevel.BoxBrush141.BrushComponent0) Component already registered.
[2017.07.04-14.29.13:767][234]LogActorComponent: ~FComponentReregisterContext: (/Game/Levels/LifeDemo.LifeDemo:PersistentLevel.BoxBrush147.BrushComponent0) Component already registered.
[2017.07.04-14.29.13:768][234]LogActorComponent: ~FComponentReregisterContext: (/Game/Levels/LifeDemo.LifeDemo:PersistentLevel.BoxBrush209.BrushComponent0) Component already registered.
[2017.07.04-14.29.13:768][234]LogActorComponent: ~FComponentReregisterContext: (/Game/Levels/LifeDemo.LifeDemo:PersistentLevel.BoxBrush205.BrushComponent0) Component already registered.
[2017.07.04-14.29.13:768][234]LogActorComponent: ~FComponentReregisterContext: (/Game/Levels/LifeDemo.LifeDemo:PersistentLevel.BoxBrush179.BrushComponent0) Component already registered.
[2017.07.04-14.29.13:769][234]LogActorComponent: ~FComponentReregisterContext: (/Game/Levels/LifeDemo.LifeDemo:PersistentLevel.BoxBrush193.BrushComponent0) Component already registered.
[2017.07.04-14.29.13:769][234]LogActorComponent: ~FComponentReregisterContext: (/Game/Levels/LifeDemo.LifeDemo:PersistentLevel.BoxBrush190.BrushComponent0) Component already registered.
[2017.07.04-14.29.13:769][234]LogActorComponent: ~FComponentReregisterContext: (/Game/Levels/LifeDemo.LifeDemo:PersistentLevel.BoxBrush109.BrushComponent0) Component already registered.
[2017.07.04-14.29.13:769][234]LogActorComponent: ~FComponentReregisterContext: (/Game/Levels/LifeDemo.LifeDemo:PersistentLevel.BoxBrush105.BrushComponent0) Component already registered.
[2017.07.04-14.29.13:770][234]LogActorComponent: ~FComponentReregisterContext: (/Game/Levels/LifeDemo.LifeDemo:PersistentLevel.BoxBrush106.BrushComponent0) Component already registered.
[2017.07.04-14.29.13:770][234]LogActorComponent: ~FComponentReregisterContext: (/Game/Levels/LifeDemo.LifeDemo:PersistentLevel.BoxBrush90.BrushComponent0) Component already registered.
[2017.07.04-14.29.13:770][234]LogActorComponent: ~FComponentReregisterContext: (/Game/Levels/LifeDemo.LifeDemo:PersistentLevel.BoxBrush86.BrushComponent0) Component already registered.
[2017.07.04-14.29.13:770][234]LogActorComponent: ~FComponentReregisterContext: (/Game/Levels/LifeDemo.LifeDemo:PersistentLevel.BoxBrush93.BrushComponent0) Component already registered.
[2017.07.04-14.29.13:770][234]LogActorComponent: ~FComponentReregisterContext: (/Game/Levels/LifeDemo.LifeDemo:PersistentLevel.BoxBrush130.BrushComponent0) Component already registered.
[2017.07.04-14.29.13:770][234]LogActorComponent: ~FComponentReregisterContext: (/Game/Levels/LifeDemo.LifeDemo:PersistentLevel.BoxBrush126.BrushComponent0) Component already registered.
[2017.07.04-14.29.13:771][234]LogActorComponent: ~FComponentReregisterContext: (/Game/Levels/LifeDemo.LifeDemo:PersistentLevel.BoxBrush127.BrushComponent0) Component already registered.
[2017.07.04-14.29.13:771][234]LogActorComponent: ~FComponentReregisterContext: (/Game/Levels/LifeDemo.LifeDemo:PersistentLevel.BoxBrush137.BrushComponent0) Component already registered.
[2017.07.04-14.29.13:771][234]LogActorComponent: ~FComponentReregisterContext: (/Game/Levels/LifeDemo.LifeDemo:PersistentLevel.BoxBrush133.BrushComponent0) Component already registered.
[2017.07.04-14.29.13:771][234]LogActorComponent: ~FComponentReregisterContext: (/Game/Levels/LifeDemo.LifeDemo:PersistentLevel.BoxBrush116.BrushComponent0) Component already registered.
[2017.07.04-14.29.13:771][234]LogActorComponent: ~FComponentReregisterContext: (/Game/Levels/LifeDemo.LifeDemo:PersistentLevel.BoxBrush112.BrushComponent0) Component already registered.
[2017.07.04-14.29.13:771][234]LogActorComponent: ~FComponentReregisterContext: (/Game/Levels/LifeDemo.LifeDemo:PersistentLevel.BoxBrush113.BrushComponent0) Component already registered.
[2017.07.04-14.29.13:771][234]LogActorComponent: ~FComponentReregisterContext: (/Game/Levels/LifeDemo.LifeDemo:PersistentLevel.BoxBrush123.BrushComponent0) Component already registered.
[2017.07.04-14.29.13:772][234]LogActorComponent: ~FComponentReregisterContext: (/Game/Levels/LifeDemo.LifeDemo:PersistentLevel.BoxBrush119.BrushComponent0) Component already registered.
[2017.07.04-14.29.13:891][234]LogSlate: Took 0.000253 seconds to synchronously load lazily loaded font '../../../Engine/Content/Slate/Fonts/Roboto-Light.ttf' (159K)
[2017.07.04-14.29.16:788][518]LogEditorViewport: Clicking on Actor (CTRL LMB): Brush (Box Brush195)
[2017.07.04-14.29.18:011][647]Cmd: CAMERA ALIGN ACTIVEVIEWPORTONLY
[2017.07.04-14.29.25:570][311]LogEditorViewport: Clicking on Actor (CTRL LMB): Brush (Box Brush196)
[2017.07.04-14.29.27:381][510]LogEditorViewport: Clicking on Actor (CTRL LMB): Brush (Box Brush194)
[2017.07.04-14.29.28:658][642]LogEditorViewport: Clicking on Actor (CTRL LMB): Brush (Box Brush184)
[2017.07.04-14.29.29:491][729]LogEditorViewport: Clicking on Actor (CTRL LMB): Brush (Box Brush169)
[2017.07.04-14.29.31:515][934]LogEditorViewport: Clicking on Actor (CTRL LMB): Brush (Box Brush185)
[2017.07.04-14.29.34:743][274]LogEditorViewport: Clicking on Actor (CTRL LMB): Brush (Box Brush192)
[2017.07.04-14.29.37:773][587]LogEditorViewport: Clicking on Actor (CTRL LMB): Brush (Box Brush180)
[2017.07.04-14.29.41:445][967]LogEditorViewport: Clicking on Actor (CTRL LMB): Brush (Box Brush179)
[2017.07.04-14.29.46:409][474]LogEditorViewport: Clicking on Actor (CTRL LMB): Brush (Box Brush193)
[2017.07.04-14.29.50:632][901]LogEditorViewport: Clicking on Actor (CTRL LMB): Brush (Box Brush182)
[2017.07.04-14.30.22:801][452]LogNavigationPoint: PostEditMove Clear paths rebuilt
[2017.07.04-14.31.12:711][754]LogEditorViewport: Clicking Background
[2017.07.04-14.31.26:599][147]Cmd: OBJ SAVEPACKAGE PACKAGE="/Game/Levels/LifeDemo" FILE="C:/Users/Tom/Documents/GitHub/Life/Life/Content/Levels/LifeDemo.umap" SILENT=true AUTOSAVING=false KEEPDIRTY=false
[2017.07.04-14.31.27:398][147]LogSavePackage: Save=776.89ms
[2017.07.04-14.31.27:398][147]LogSavePackage: Moving 'C:/Users/Tom/Documents/GitHub/Life/Life/Saved/LifeDemo0B6426AD4CB5AA091FFF1C8B64B19E08.tmp' to 'C:/Users/Tom/Documents/GitHub/Life/Life/Content/Levels/LifeDemo.umap'
[2017.07.04-14.31.27:401][147]LogSavePackage:Display: Finished SavePackage C:/Users/Tom/Documents/GitHub/Life/Life/Content/Levels/LifeDemo.umap
[2017.07.04-14.31.48:718][679]Cmd: QUIT_EDITOR
[2017.07.04-14.31.48:731][679]LogWindowsTextInputMethodSystem:Display: IME system now deactivated.
[2017.07.04-14.31.48:738][679]LogExit: Preparing to exit.
[2017.07.04-14.31.49:484][679]LogExit: Editor shut down
[2017.07.04-14.31.49:487][679]LogExit: Transaction tracking system shut down
[2017.07.04-14.31.49:534][679]LogObj: Freed 0b from 0 cluster array pools.
[2017.07.04-14.31.49:534][679]LogExit: Object subsystem successfully closed.
[2017.07.04-14.31.49:553][679]LogD3D11RHI: Shutdown
[2017.07.04-14.31.49:553][679]LogD3D11RHI: CleanupD3DDevice
[2017.07.04-14.31.49:615][679]LogD3D11RHI: ~FD3D11DynamicRHI
[2017.07.04-14.31.49:622][679]LogModuleManager: Shutting down and abandoning module HierarchicalLODOutliner (524)
[2017.07.04-14.31.49:622][679]LogModuleManager: Shutting down and abandoning module CrashTracker (522)
[2017.07.04-14.31.49:622][679]LogModuleManager: Shutting down and abandoning module SceneOutliner (520)
[2017.07.04-14.31.49:622][679]LogModuleManager: Shutting down and abandoning module AddContentDialog (518)
[2017.07.04-14.31.49:622][679]LogDirectoryWatcher: A directory notification for 'E:/Epic Games/UE_4.16/FeaturePacks/' was aborted.
[2017.07.04-14.31.49:622][679]LogModuleManager: Shutting down and abandoning module WidgetCarousel (517)
[2017.07.04-14.31.49:622][679]LogModuleManager: Shutting down and abandoning module EditorWidgets (514)
[2017.07.04-14.31.49:622][679]LogModuleManager: Shutting down and abandoning module CollectionManager (512)
[2017.07.04-14.31.49:622][679]LogDirectoryWatcher: A directory notification for 'C:/Users/Tom/Documents/GitHub/Life/Life/Content/Collections/' was aborted.
[2017.07.04-14.31.49:622][679]LogDirectoryWatcher: A directory notification for 'C:/Users/Tom/Documents/GitHub/Life/Life/Content/Developers/Tom/Collections/' was aborted.
[2017.07.04-14.31.49:622][679]LogDirectoryWatcher: A directory notification for 'C:/Users/Tom/Documents/GitHub/Life/Life/Saved/Collections/' was aborted.
[2017.07.04-14.31.49:622][679]LogModuleManager: Shutting down and abandoning module StatsViewer (510)
[2017.07.04-14.31.49:622][679]LogModuleManager: Shutting down and abandoning module FoliageEdit (508)
[2017.07.04-14.31.49:622][679]LogModuleManager: Shutting down and abandoning module LandscapeEditor (506)
[2017.07.04-14.31.49:623][679]LogModuleManager: Shutting down and abandoning module MeshPaintMode (504)
[2017.07.04-14.31.49:623][679]LogModuleManager: Shutting down and abandoning module SceneDepthPickerMode (502)
[2017.07.04-14.31.49:623][679]LogModuleManager: Shutting down and abandoning module ActorPickerMode (500)
[2017.07.04-14.31.49:623][679]LogModuleManager: Shutting down and abandoning module GeometryMode (498)
[2017.07.04-14.31.49:623][679]LogModuleManager: Shutting down and abandoning module TextureAlignMode (496)
[2017.07.04-14.31.49:623][679]LogModuleManager: Shutting down and abandoning module BspMode (494)
[2017.07.04-14.31.49:623][679]LogModuleManager: Shutting down and abandoning module HardwareSurvey (492)
[2017.07.04-14.31.49:623][679]LogModuleManager: Shutting down and abandoning module SequenceRecorderSections (490)
[2017.07.04-14.31.49:623][679]LogModuleManager: Shutting down and abandoning module AutomationWorker (488)
[2017.07.04-14.31.49:623][679]LogModuleManager: Shutting down and abandoning module MatineeToLevelSequence (486)
[2017.07.04-14.31.49:623][679]LogModuleManager: Shutting down and abandoning module LevelSequenceEditor (484)
[2017.07.04-14.31.49:623][679]LogModuleManager: Shutting down and abandoning module PlacementMode (483)
[2017.07.04-14.31.49:623][679]LogModuleManager: Shutting down and abandoning module WmfMediaFactory (480)
[2017.07.04-14.31.49:623][679]LogModuleManager: Shutting down and abandoning module WmfMediaEditor (478)
[2017.07.04-14.31.49:623][679]LogModuleManager: Shutting down and abandoning module AvfMediaFactory (476)
[2017.07.04-14.31.49:623][679]LogModuleManager: Shutting down and abandoning module AvfMediaEditor (474)
[2017.07.04-14.31.49:623][679]LogModuleManager: Shutting down and abandoning module AndroidMediaFactory (472)
[2017.07.04-14.31.49:623][679]LogModuleManager: Shutting down and abandoning module Media (471)
[2017.07.04-14.31.49:623][679]LogModuleManager: Shutting down and abandoning module AndroidMediaEditor (468)
[2017.07.04-14.31.49:623][679]LogModuleManager: Shutting down and abandoning module CharacterAI (466)
[2017.07.04-14.31.49:623][679]LogModuleManager: Shutting down and abandoning module AudioCapture (464)
[2017.07.04-14.31.49:623][679]LogModuleManager: Shutting down and abandoning module SequenceRecorder (463)
[2017.07.04-14.31.49:623][679]LogModuleManager: Shutting down and abandoning module SmartSnapping (460)
[2017.07.04-14.31.49:623][679]LogModuleManager: Shutting down and abandoning module SessionServices (458)
[2017.07.04-14.31.49:623][679]LogModuleManager: Shutting down and abandoning module ViewportSnapping (456)
[2017.07.04-14.31.49:623][679]LogModuleManager: Shutting down and abandoning module ViewportInteraction (454)
[2017.07.04-14.31.49:623][679]LogModuleManager: Shutting down and abandoning module ClothPainter (452)
[2017.07.04-14.31.49:623][679]LogModuleManager: Shutting down and abandoning module LogVisualizer (450)
[2017.07.04-14.31.49:623][679]LogModuleManager: Shutting down and abandoning module IntroTutorials (448)
[2017.07.04-14.31.49:623][679]LogModuleManager: Shutting down and abandoning module GameProjectGeneration (447)
[2017.07.04-14.31.49:623][679]LogModuleManager: Shutting down and abandoning module EditorLiveStreaming (444)
[2017.07.04-14.31.49:623][679]LogModuleManager: Shutting down and abandoning module IOSPlatformEditor (442)
[2017.07.04-14.31.49:623][679]LogModuleManager: Shutting down and abandoning module HTML5PlatformEditor (440)
[2017.07.04-14.31.49:623][679]LogModuleManager: Shutting down and abandoning module AndroidPlatformEditor (438)
[2017.07.04-14.31.49:623][679]LogModuleManager: Shutting down and abandoning module AndroidDeviceDetection (437)
[2017.07.04-14.31.50:168][679]LogModuleManager: Shutting down and abandoning module IOSRuntimeSettings (434)
[2017.07.04-14.31.50:168][679]LogModuleManager: Shutting down and abandoning module AndroidRuntimeSettings (432)
[2017.07.04-14.31.50:168][679]LogModuleManager: Shutting down and abandoning module InputBindingEditor (430)
[2017.07.04-14.31.50:168][679]LogModuleManager: Shutting down and abandoning module MergeActors (428)
[2017.07.04-14.31.50:168][679]LogModuleManager: Shutting down and abandoning module SizeMap (426)
[2017.07.04-14.31.50:168][679]LogModuleManager: Shutting down and abandoning module TreeMap (424)
[2017.07.04-14.31.50:168][679]LogModuleManager: Shutting down and abandoning module ReferenceViewer (422)
[2017.07.04-14.31.50:168][679]LogModuleManager: Shutting down and abandoning module LocalizationDashboard (420)
[2017.07.04-14.31.50:168][679]LogModuleManager: Shutting down and abandoning module LocalizationService (419)
[2017.07.04-14.31.50:168][679]LogModuleManager: Shutting down and abandoning module HardwareTargeting (416)
[2017.07.04-14.31.50:168][679]LogModuleManager: Shutting down and abandoning module DeviceProfileEditor (414)
[2017.07.04-14.31.50:168][679]LogModuleManager: Shutting down and abandoning module UndoHistory (412)
[2017.07.04-14.31.50:168][679]LogModuleManager: Shutting down and abandoning module UserFeedback (410)
[2017.07.04-14.31.50:168][679]LogModuleManager: Shutting down and abandoning module XmlParser (408)
[2017.07.04-14.31.50:168][679]LogModuleManager: Shutting down and abandoning module Blutility (406)
[2017.07.04-14.31.50:168][679]LogModuleManager: Shutting down and abandoning module ProjectSettingsViewer (404)
[2017.07.04-14.31.50:168][679]LogModuleManager: Shutting down and abandoning module ProjectTargetPlatformEditor (403)
[2017.07.04-14.31.50:168][679]LogModuleManager: Shutting down and abandoning module EditorSettingsViewer (400)
[2017.07.04-14.31.50:168][679]LogModuleManager: Shutting down and abandoning module SettingsEditor (398)
[2017.07.04-14.31.50:168][679]LogModuleManager: Shutting down and abandoning module ProjectLauncher (396)
[2017.07.04-14.31.50:168][679]LogModuleManager: Shutting down and abandoning module SessionFrontend (394)
[2017.07.04-14.31.50:168][679]LogModuleManager: Shutting down and abandoning module ProfilerClient (392)
[2017.07.04-14.31.50:168][679]LogModuleManager: Shutting down and abandoning module DeviceManager (390)
[2017.07.04-14.31.50:168][679]LogModuleManager: Shutting down and abandoning module TargetDeviceServices (389)
[2017.07.04-14.31.50:221][679]LogModuleManager: Shutting down and abandoning module AutomationController (386)
[2017.07.04-14.31.50:221][679]LogModuleManager: Shutting down and abandoning module AutomationWindow (384)
[2017.07.04-14.31.50:221][679]LogModuleManager: Shutting down and abandoning module Layers (382)
[2017.07.04-14.31.50:221][679]LogModuleManager: Shutting down and abandoning module ComponentVisualizers (380)
[2017.07.04-14.31.50:221][679]LogModuleManager: Shutting down and abandoning module DetailCustomizations (378)
[2017.07.04-14.31.50:221][679]LogModuleManager: Shutting down and abandoning module PackagesDialog (376)
[2017.07.04-14.31.50:221][679]LogModuleManager: Shutting down and abandoning module Persona (374)
[2017.07.04-14.31.50:221][679]LogModuleManager: Shutting down and abandoning module AdvancedPreviewScene (373)
[2017.07.04-14.31.50:221][679]LogModuleManager: Shutting down and abandoning module AnimGraph (371)
[2017.07.04-14.31.50:221][679]LogModuleManager: Shutting down and abandoning module Kismet (368)
[2017.07.04-14.31.50:221][679]LogModuleManager: Shutting down and abandoning module ClassViewer (366)
[2017.07.04-14.31.50:221][679]LogModuleManager: Shutting down and abandoning module Toolbox (364)
[2017.07.04-14.31.50:221][679]LogModuleManager: Shutting down and abandoning module ModuleUI (362)
[2017.07.04-14.31.50:221][679]LogModuleManager: Shutting down and abandoning module MovieSceneTools (360)
[2017.07.04-14.31.50:222][679]LogModuleManager: Shutting down and abandoning module OutputLog (358)
[2017.07.04-14.31.50:222][679]LogModuleManager: Shutting down and abandoning module GammaUI (356)
[2017.07.04-14.31.50:222][679]LogModuleManager: Shutting down and abandoning module Documentation (354)
[2017.07.04-14.31.50:222][679]LogModuleManager: Shutting down and abandoning module MovieSceneTracks (352)
[2017.07.04-14.31.50:222][679]LogModuleManager: Shutting down and abandoning module MovieScene (350)
[2017.07.04-14.31.50:222][679]LogModuleManager: Shutting down and abandoning module Niagara (348)
[2017.07.04-14.31.50:222][679]LogModuleManager: Shutting down and abandoning module NiagaraEditor (347)
[2017.07.04-14.31.50:222][679]LogModuleManager: Shutting down and abandoning module StreamingPauseRendering (344)
[2017.07.04-14.31.50:222][679]LogModuleManager: Shutting down and abandoning module AnalyticsET (342)
[2017.07.04-14.31.50:222][679]LogModuleManager: Shutting down and abandoning module PortalServices (340)
[2017.07.04-14.31.50:222][679]LogModuleManager: Shutting down and abandoning module PortalRpc (338)
[2017.07.04-14.31.50:222][679]LogModuleManager: Shutting down and abandoning module MessagingRpc (336)
[2017.07.04-14.31.50:222][679]LogModuleManager: Shutting down and abandoning module AIModule (334)
[2017.07.04-14.31.50:222][679]LogModuleManager: Shutting down and abandoning module GameplayDebugger (333)
[2017.07.04-14.31.50:222][679]LogModuleManager: Shutting down and abandoning module AITestSuite (331)
[2017.07.04-14.31.50:222][679]LogModuleManager: Shutting down and abandoning module ProfilerService (328)
[2017.07.04-14.31.50:369][679]LogModuleManager: Shutting down and abandoning module TaskGraph (326)
[2017.07.04-14.31.50:369][679]LogModuleManager: Shutting down and abandoning module SteamVRController (324)
[2017.07.04-14.31.50:369][679]LogModuleManager: Shutting down and abandoning module SteamVR (322)
[2017.07.04-14.31.50:369][679]LogModuleManager: Shutting down and abandoning module ProceduralMeshComponentEditor (320)
[2017.07.04-14.31.50:369][679]LogModuleManager: Shutting down and abandoning module ProceduralMeshComponent (318)
[2017.07.04-14.31.50:369][679]LogModuleManager: Shutting down and abandoning module OculusLibrary (316)
[2017.07.04-14.31.50:369][679]LogModuleManager: Shutting down and abandoning module OculusInput (314)
[2017.07.04-14.31.50:369][679]LogModuleManager: Shutting down and abandoning module MobilePatchingUtils (312)
[2017.07.04-14.31.50:369][679]LogModuleManager: Shutting down and abandoning module CustomMeshComponent (310)
[2017.07.04-14.31.50:369][679]LogModuleManager: Shutting down and abandoning module CableComponent (308)
[2017.07.04-14.31.50:369][679]LogModuleManager: Shutting down and abandoning module ArchVisCharacter (306)
[2017.07.04-14.31.50:369][679]LogModuleManager: Shutting down and abandoning module AndroidPermission (304)
[2017.07.04-14.31.50:369][679]LogModuleManager: Shutting down and abandoning module MediaPlayerEditor (300)
[2017.07.04-14.31.50:369][679]LogModuleManager: Shutting down and abandoning module HTML5Networking (298)
[2017.07.04-14.31.50:369][679]LogModuleManager: Shutting down and abandoning module AlembicImporter (296)
[2017.07.04-14.31.50:369][679]LogModuleManager: Shutting down and abandoning module AlembicLibrary (295)
[2017.07.04-14.31.50:369][679]LogModuleManager: Shutting down and abandoning module GeometryCache (294)
[2017.07.04-14.31.50:369][679]LogModuleManager: Shutting down and abandoning module GeometryCacheEd (293)
[2017.07.04-14.31.50:369][679]LogModuleManager: Shutting down and abandoning module SuperSearchEditor (288)
[2017.07.04-14.31.50:369][679]LogModuleManager: Shutting down and abandoning module SuperSearch (287)
[2017.07.04-14.31.50:369][679]LogModuleManager: Shutting down and abandoning module SpeedTreeImporter (284)
[2017.07.04-14.31.50:369][679]LogModuleManager: Shutting down and abandoning module PluginBrowser (282)
[2017.07.04-14.31.50:369][679]LogModuleManager: Shutting down and abandoning module MobileLauncherProfileWizard (280)
[2017.07.04-14.31.50:369][679]LogModuleManager: Shutting down and abandoning module VisualStudioSourceCodeAccess (278)
[2017.07.04-14.31.50:369][679]LogModuleManager: Shutting down and abandoning module DesktopPlatform (277)
[2017.07.04-14.31.50:369][679]LogModuleManager: Shutting down and abandoning module UObjectPlugin (274)
[2017.07.04-14.31.50:369][679]LogModuleManager: Shutting down and abandoning module SubversionSourceControl (272)
[2017.07.04-14.31.50:369][679]LogModuleManager: Shutting down and abandoning module PerforceSourceControl (270)
[2017.07.04-14.31.50:369][679]LogModuleManager: Shutting down and abandoning module GitSourceControl (268)
[2017.07.04-14.31.50:369][679]LogModuleManager: Shutting down and abandoning module SourceControl (267)
[2017.07.04-14.31.50:369][679]LogModuleManager: Shutting down and abandoning module LightPropagationVolumeEditor (264)
[2017.07.04-14.31.50:369][679]LogModuleManager: Shutting down and abandoning module PaperTiledImporter (262)
[2017.07.04-14.31.50:369][679]LogModuleManager: Shutting down and abandoning module PaperSpriteSheetImporter (260)
[2017.07.04-14.31.50:369][679]LogModuleManager: Shutting down and abandoning module Paper2DEditor (258)
[2017.07.04-14.31.50:369][679]LogModuleManager: Shutting down and abandoning module MeshPaint (257)
[2017.07.04-14.31.50:369][679]LogModuleManager: Shutting down and abandoning module LevelEditor (255)
[2017.07.04-14.31.50:370][679]LogModuleManager: Shutting down and abandoning module PixelInspectorModule (254)
[2017.07.04-14.31.50:370][679]LogModuleManager: Shutting down and abandoning module MainFrame (252)
[2017.07.04-14.31.50:370][679]LogModuleManager: Shutting down and abandoning module HotReload (251)
[2017.07.04-14.31.50:370][679]LogModuleManager: Shutting down and abandoning module PhysXVehiclesEditor (246)
[2017.07.04-14.31.50:370][679]LogModuleManager: Shutting down and abandoning module PhysXVehicles (244)
[2017.07.04-14.31.50:370][679]LogModuleManager: Shutting down and abandoning module LocationServicesBPLibrary (242)
[2017.07.04-14.31.50:370][679]LogModuleManager: Shutting down and abandoning module ImmediatePhysicsEditor (240)
[2017.07.04-14.31.50:370][679]LogModuleManager: Shutting down and abandoning module ImmediatePhysics (238)
[2017.07.04-14.31.50:370][679]LogModuleManager: Shutting down and abandoning module UdpMessaging (236)
[2017.07.04-14.31.50:471][679]LogModuleManager: Shutting down and abandoning module TcpMessaging (234)
[2017.07.04-14.31.50:571][679]LogModuleManager: Shutting down and abandoning module GameplayTagsEditor (232)
[2017.07.04-14.31.50:571][679]LogModuleManager: Shutting down and abandoning module FacialAnimationEditor (230)
[2017.07.04-14.31.50:571][679]LogModuleManager: Shutting down and abandoning module FacialAnimation (228)
[2017.07.04-14.31.50:571][679]LogModuleManager: Shutting down and abandoning module AssetManagerEditor (226)
[2017.07.04-14.31.50:571][679]LogModuleManager: Shutting down and abandoning module GraphEditor (225)
[2017.07.04-14.31.50:571][679]LogModuleManager: Shutting down and abandoning module ContentBrowser (223)
[2017.07.04-14.31.50:572][679]LogModuleManager: Shutting down and abandoning module LightPropagationVolumeRuntime (220)
[2017.07.04-14.31.50:572][679]LogModuleManager: Shutting down and abandoning module Paper2D (218)
[2017.07.04-14.31.50:572][679]LogModuleManager: Shutting down and abandoning module WindowsMoviePlayer (216)
[2017.07.04-14.31.50:572][679]LogModuleManager: Shutting down and abandoning module WmfMedia (214)
[2017.07.04-14.31.50:572][679]LogModuleManager: Shutting down and abandoning module ClothingSystemEditor (212)
[2017.07.04-14.31.50:572][679]LogModuleManager: Shutting down and abandoning module ClothingSystemRuntime (210)
[2017.07.04-14.31.50:572][679]LogModuleManager: Shutting down and abandoning module MediaAssets (208)
[2017.07.04-14.31.50:572][679]LogModuleManager: Shutting down and abandoning module GameLiveStreaming (206)
[2017.07.04-14.31.50:572][679]LogModuleManager: Shutting down and abandoning module VREditor (204)
[2017.07.04-14.31.50:572][679]LogModuleManager: Shutting down and abandoning module StringTableEditor (202)
[2017.07.04-14.31.50:572][679]LogModuleManager: Shutting down and abandoning module GameplayTasksEditor (200)
[2017.07.04-14.31.50:572][679]LogModuleManager: Shutting down and abandoning module BehaviorTreeEditor (198)
[2017.07.04-14.31.50:572][679]LogModuleManager: Shutting down and abandoning module FunctionalTesting (196)
[2017.07.04-14.31.50:572][679]LogModuleManager: Shutting down and abandoning module CollisionAnalyzer (194)
[2017.07.04-14.31.50:572][679]LogModuleManager: Shutting down and abandoning module UMG (192)
[2017.07.04-14.31.50:572][679]LogModuleManager: Shutting down and abandoning module UMGEditor (191)
[2017.07.04-14.31.50:572][679]LogModuleManager: Shutting down and abandoning module Sequencer (190)
[2017.07.04-14.31.50:573][679]LogModuleManager: Shutting down and abandoning module AssetTools (188)
[2017.07.04-14.31.50:573][679]LogModuleManager: Shutting down and abandoning module MessageLog (187)
[2017.07.04-14.31.50:573][679]LogModuleManager: Shutting down and abandoning module WorkspaceMenuStructure (186)
[2017.07.04-14.31.50:573][679]LogModuleManager: Shutting down and abandoning module SlateReflector (180)
[2017.07.04-14.31.50:573][679]LogModuleManager: Shutting down and abandoning module Slate (178)
[2017.07.04-14.31.50:573][679]LogModuleManager: Shutting down and abandoning module EditorStyle (176)
[2017.07.04-14.31.50:574][679]LogModuleManager: Shutting down and abandoning module SourceCodeAccess (174)
[2017.07.04-14.31.50:574][679]LogModuleManager: Shutting down and abandoning module HeadMountedDisplay (172)
[2017.07.04-14.31.50:574][679]LogModuleManager: Shutting down and abandoning module XAudio2 (170)
[2017.07.04-14.31.50:574][679]LogModuleManager: Shutting down and abandoning module Networking (168)
[2017.07.04-14.31.50:574][679]LogModuleManager: Shutting down and abandoning module Core (164)
[2017.07.04-14.31.50:574][679]LogModuleManager: Shutting down and abandoning module AssetRegistry (162)
[2017.07.04-14.31.50:618][679]LogDirectoryWatcher: A directory notification for '../../../Engine/Content/' was aborted.
[2017.07.04-14.31.50:618][679]LogDirectoryWatcher: A directory notification for 'C:/Users/Tom/Documents/GitHub/Life/Life/Content/' was aborted.
[2017.07.04-14.31.50:618][679]LogDirectoryWatcher: A directory notification for '../../../Engine/Plugins/2D/Paper2D/Content/' was aborted.
[2017.07.04-14.31.50:618][679]LogDirectoryWatcher: A directory notification for '../../../Engine/Plugins/Runtime/GearVR/Content/' was aborted.
[2017.07.04-14.31.50:620][679]LogModuleManager: Shutting down and abandoning module DirectoryWatcher (161)
[2017.07.04-14.31.50:620][679]LogModuleManager: Shutting down and abandoning module KismetCompiler (158)
[2017.07.04-14.31.50:620][679]LogModuleManager: Shutting down and abandoning module LevelSequence (156)
[2017.07.04-14.31.50:620][679]LogModuleManager: Shutting down and abandoning module PhysXFormats (154)
[2017.07.04-14.31.50:620][679]LogModuleManager: Shutting down and abandoning module MeshUtilities (152)
[2017.07.04-14.31.50:620][679]LogModuleManager: Shutting down and abandoning module SimplygonSwarm (151)
[2017.07.04-14.31.50:620][679]LogModuleManager: Shutting down and abandoning module SimplygonMeshReduction (149)
[2017.07.04-14.31.50:620][679]LogModuleManager: Shutting down and abandoning module QuadricMeshReduction (147)
[2017.07.04-14.31.50:620][679]LogModuleManager: Shutting down and abandoning module DerivedDataCache (144)
[2017.07.04-14.31.50:716][679]LogDerivedDataCache: Shutdown
[2017.07.04-14.31.50:716][679]LogModuleManager: Shutting down and abandoning module TargetPlatform (142)
[2017.07.04-14.31.50:716][679]LogModuleManager: Shutting down and abandoning module VulkanShaderFormat (141)
[2017.07.04-14.31.50:716][679]LogModuleManager: Shutting down and abandoning module ShaderFormatVectorVM (139)
[2017.07.04-14.31.50:716][679]LogModuleManager: Shutting down and abandoning module ShaderFormatOpenGL (137)
[2017.07.04-14.31.50:716][679]LogModuleManager: Shutting down and abandoning module ShaderFormatD3D (135)
[2017.07.04-14.31.50:716][679]LogModuleManager: Shutting down and abandoning module MetalShaderFormat (133)
[2017.07.04-14.31.50:716][679]LogModuleManager: Shutting down and abandoning module TextureFormatUncompressed (131)
[2017.07.04-14.31.50:716][679]LogModuleManager: Shutting down and abandoning module TextureFormatPVR (129)
[2017.07.04-14.31.50:716][679]LogModuleManager: Shutting down and abandoning module TextureFormatDXT (127)
[2017.07.04-14.31.50:716][679]LogModuleManager: Shutting down and abandoning module TextureFormatIntelISPCTexComp (125)
[2017.07.04-14.31.50:716][679]LogModuleManager: Shutting down and abandoning module TextureFormatASTC (123)
[2017.07.04-14.31.50:716][679]LogModuleManager: Shutting down and abandoning module ImageWrapper (122)
[2017.07.04-14.31.50:716][679]LogModuleManager: Shutting down and abandoning module TextureFormatAndroid (119)
[2017.07.04-14.31.50:716][679]LogModuleManager: Shutting down and abandoning module AudioFormatOpus (117)
[2017.07.04-14.31.50:716][679]LogModuleManager: Shutting down and abandoning module AudioFormatOgg (115)
[2017.07.04-14.31.50:716][679]LogModuleManager: Shutting down and abandoning module AudioFormatADPCM (113)
[2017.07.04-14.31.50:716][679]LogModuleManager: Shutting down and abandoning module LinuxTargetPlatform (111)
[2017.07.04-14.31.50:716][679]LogModuleManager: Shutting down and abandoning module LinuxServerTargetPlatform (109)
[2017.07.04-14.31.50:716][679]LogModuleManager: Shutting down and abandoning module LinuxNoEditorTargetPlatform (107)
[2017.07.04-14.31.50:716][679]LogModuleManager: Shutting down and abandoning module LinuxClientTargetPlatform (105)
[2017.07.04-14.31.50:716][679]LogModuleManager: Shutting down and abandoning module TVOSTargetPlatform (103)
[2017.07.04-14.31.50:716][679]LogModuleManager: Shutting down and abandoning module Messaging (101)
[2017.07.04-14.31.50:716][679]LogModuleManager: Shutting down and abandoning module IOSTargetPlatform (99)
[2017.07.04-14.31.50:716][679]LogModuleManager: Shutting down and abandoning module HTML5TargetPlatform (97)
[2017.07.04-14.31.50:716][679]LogModuleManager: Shutting down and abandoning module Android_PVRTCTargetPlatform (95)
[2017.07.04-14.31.50:716][679]LogModuleManager: Shutting down and abandoning module Android_MultiTargetPlatform (93)
[2017.07.04-14.31.50:716][679]LogModuleManager: Shutting down and abandoning module Android_ETC2TargetPlatform (91)
[2017.07.04-14.31.50:716][679]LogModuleManager: Shutting down and abandoning module Android_ETC1TargetPlatform (89)
[2017.07.04-14.31.50:716][679]LogModuleManager: Shutting down and abandoning module Android_DXTTargetPlatform (87)
[2017.07.04-14.31.50:716][679]LogModuleManager: Shutting down and abandoning module Android_ATCTargetPlatform (85)
[2017.07.04-14.31.50:716][679]LogModuleManager: Shutting down and abandoning module Android_ASTCTargetPlatform (83)
[2017.07.04-14.31.50:716][679]LogModuleManager: Shutting down and abandoning module AndroidTargetPlatform (81)
[2017.07.04-14.31.50:716][679]LogModuleManager: Shutting down and abandoning module WindowsTargetPlatform (79)
[2017.07.04-14.31.50:716][679]LogModuleManager: Shutting down and abandoning module WindowsServerTargetPlatform (77)
[2017.07.04-14.31.50:716][679]LogModuleManager: Shutting down and abandoning module WindowsNoEditorTargetPlatform (75)
[2017.07.04-14.31.50:716][679]LogModuleManager: Shutting down and abandoning module WindowsClientTargetPlatform (73)
[2017.07.04-14.31.50:716][679]LogModuleManager: Shutting down and abandoning module MacTargetPlatform (71)
[2017.07.04-14.31.50:716][679]LogModuleManager: Shutting down and abandoning module MacServerTargetPlatform (69)
[2017.07.04-14.31.50:716][679]LogModuleManager: Shutting down and abandoning module MacNoEditorTargetPlatform (67)
[2017.07.04-14.31.50:716][679]LogModuleManager: Shutting down and abandoning module MacClientTargetPlatform (65)
[2017.07.04-14.31.50:716][679]LogModuleManager: Shutting down and abandoning module AllDesktopTargetPlatform (63)
[2017.07.04-14.31.50:716][679]LogModuleManager: Shutting down and abandoning module InputCore (60)
[2017.07.04-14.31.50:716][679]LogModuleManager: Shutting down and abandoning module Settings (58)
[2017.07.04-14.31.50:716][679]LogModuleManager: Shutting down and abandoning module OculusRift (56)
[2017.07.04-14.31.50:716][679]LogHMD: Oculus shutdown.
[2017.07.04-14.31.50:716][679]LogModuleManager: Shutting down and abandoning module GearVRController (54)
[2017.07.04-14.31.50:716][679]LogModuleManager: Shutting down and abandoning module GearVR (52)
[2017.07.04-14.31.50:716][679]LogModuleManager: Shutting down and abandoning module ExampleDeviceProfileSelector (50)
[2017.07.04-14.31.50:716][679]LogModuleManager: Shutting down and abandoning module OnlineBlueprintSupport (48)
[2017.07.04-14.31.50:716][679]LogModuleManager: Shutting down and abandoning module OnlineSubsystem (44)
[2017.07.04-14.31.50:716][679]LogOnline:Display: Unloading online subsystem: NULL
[2017.07.04-14.31.50:716][679]LogModuleManager: Shutting down and abandoning module XMPP (43)
[2017.07.04-14.31.50:717][679]LogModuleManager: Shutting down and abandoning module HTTP (41)
[2017.07.04-14.31.50:717][679]LogHttp:Display: Http module shutting down, but needs to wait on 1 outstanding Http requests:
[2017.07.04-14.31.50:717][679]LogHttp:Display: 	verb=[POST] url=[https://datarouter.ol.epicgames.com/datarouter/api/v1/public/data?SessionID=%7B27AE06EF-465A-7D5B-4CC1-F7ADABD5E2C9%7D&AppID=UEEditor.Rocket.Release&AppVersion=4.16.1-3466753%2B%2B%2BUE4%2BRelease-4.16&UserID=9507d6a347edc37d65474c8629981c28%7Ccdc8881e81874f7b9309baf36bcfe432%7Cf9f02938-7094-4537-917c-c69c45de1e4a&AppEnvironment=datacollector-binary&UploadType=eteventstream] status=Processing
[2017.07.04-14.31.50:743][679]LogModuleManager: Shutting down and abandoning module SSL (40)
[2017.07.04-14.31.50:744][679]LogModuleManager: Shutting down and abandoning module HTTPChunkInstaller (36)
[2017.07.04-14.31.50:744][679]LogModuleManager: Shutting down and abandoning module AnimationModifiers (34)
[2017.07.04-14.31.50:744][679]LogModuleManager: Shutting down and abandoning module PropertyEditor (33)
[2017.07.04-14.31.50:744][679]LogModuleManager: Shutting down and abandoning module AudioEditor (30)
[2017.07.04-14.31.50:744][679]LogModuleManager: Shutting down and abandoning module TextureCompressor (28)
[2017.07.04-14.31.50:744][679]LogModuleManager: Shutting down and abandoning module ShaderCore (26)
[2017.07.04-14.31.50:744][679]LogModuleManager: Shutting down and abandoning module Landscape (24)
[2017.07.04-14.31.50:744][679]LogModuleManager: Shutting down and abandoning module SlateRHIRenderer (22)
[2017.07.04-14.31.50:745][679]LogModuleManager: Shutting down and abandoning module OpenGLDrv (20)
[2017.07.04-14.31.50:745][679]LogModuleManager: Shutting down and abandoning module D3D11RHI (18)
[2017.07.04-14.31.50:745][679]LogModuleManager: Shutting down and abandoning module AnimGraphRuntime (16)
[2017.07.04-14.31.50:745][679]LogModuleManager: Shutting down and abandoning module Renderer (14)
[2017.07.04-14.31.50:745][679]LogModuleManager: Shutting down and abandoning module Engine (12)
[2017.07.04-14.31.50:745][679]LogModuleManager: Shutting down and abandoning module CoreUObject (10)
[2017.07.04-14.31.50:745][679]LogModuleManager: Shutting down and abandoning module NetworkFile (8)
[2017.07.04-14.31.50:745][679]LogModuleManager: Shutting down and abandoning module StreamingFile (6)
[2017.07.04-14.31.50:745][679]LogModuleManager: Shutting down and abandoning module SandboxFile (4)
[2017.07.04-14.31.50:745][679]LogModuleManager: Shutting down and abandoning module PakFile (2)
[2017.07.04-14.31.50:746][679]LogExit: Exiting.
[2017.07.04-14.31.50:752][679]Log file closed, 07/04/17 15:31:50
