Log file open, 06/19/17 15:43:19
LogInit:Display: Running engine for game: Life
LogPlatformFile: Not using cached read wrapper
LogInit:Display: RandInit(1371627468) SRandInit(1371627468).
LogTaskGraph: Started task graph with 5 named threads and 8 total threads with 1 sets of task threads.
LogStats: Stats thread started at 1.578957
LogInit: Using libcurl 7.47.1
LogInit:  - built for x86_64-pc-win32
LogInit:  - supports SSL with OpenSSL/1.0.2g
LogInit:  - supports HTTP deflate (compression) using libz 1.2.8
LogInit:  - other features:
LogInit:      CURL_VERSION_SSL
LogInit:      CURL_VERSION_LIBZ
LogInit:      CURL_VERSION_IPV6
LogInit:      CURL_VERSION_ASYNCHDNS
LogInit:      CURL_VERSION_LARGEFILE
LogInit:      CURL_VERSION_IDN
LogInit:  CurlRequestOptions (configurable via config and command line):
LogInit:  - bVerifyPeer = false  - Libcurl will NOT verify peer certificate
LogInit:  - bUseHttpProxy = false  - Libcurl will NOT use HTTP proxy
LogInit:  - bDontReuseConnections = false  - Libcurl will reuse connections
LogInit:  - CertBundlePath = nullptr  - Libcurl will use whatever was configured at build time.
OCULUS: Info: [CAPI] LibOVR module is located at C:\Program Files\Oculus\Support\oculus-runtime\LibOVRRT64_1.dll
OCULUS: Debug: Connected to the server running version (prod = 1).1.15.0(build = 391815) feature version = 0. Client runs version (prod = 1).1.15.0(build = 391815) feature version = 0
LogHMD: GearVR: Emulating GearVR using Oculus Rift!
LogInit: Build: ++UE4+Release-4.16-CL-3466753
LogInit: Engine Version: 4.16.1-3466753+++UE4+Release-4.16
LogInit: Compatible Engine Version: 4.16.0-3452394+++UE4+Release-4.16
LogInit: Net CL: 3452394
LogDevObjectVersion: Number of dev versions registered: 16
LogDevObjectVersion:   Dev-Blueprints (B0D832E4-1F89-4F0D-ACCF-7EB736FD4AA2): 9
LogDevObjectVersion:   Dev-Build (E1C64328-A22C-4D53-A36C-8E866417BD8C): 0
LogDevObjectVersion:   Dev-Core (375EC13C-06E4-48FB-B500-84F0262A717E): 2
LogDevObjectVersion:   Dev-Editor (E4B068ED-F494-42E9-A231-DA0B2E46BB41): 17
LogDevObjectVersion:   Dev-Framework (CFFC743F-43B0-4480-9391-14DF171D2073): 23
LogDevObjectVersion:   Dev-Mobile (B02B49B5-BB20-44E9-A304-32B752E40360): 0
LogDevObjectVersion:   Dev-Networking (A4E4105C-59A1-49B5-A7C5-40C4547EDFEE): 0
LogDevObjectVersion:   Dev-Online (39C831C9-5AE6-47DC-9A44-9C173E1C8E7C): 0
LogDevObjectVersion:   Dev-Physics (78F01B33-EBEA-4F98-B9B4-84EACCB95AA2): 0
LogDevObjectVersion:   Dev-Platform (6631380F-2D4D-43E0-8009-CF276956A95A): 0
LogDevObjectVersion:   Dev-Rendering (12F88B9F-8875-4AFC-A67C-D90C383ABD29): 15
LogDevObjectVersion:   Dev-Sequencer (7B5AE74C-D270-4C10-A958-57980B212A5A): 4
LogDevObjectVersion:   Dev-VR (D7296918-1DD6-4BDD-9DE2-64A83CC13884): 0
LogDevObjectVersion:   Dev-LoadTimes (C2A15278-BFE7-4AFE-6C17-90FF531DF755): 1
LogDevObjectVersion:   Private-Geometry (6EACA3D4-40EC-4CC1-B786-8BED09428FC5): 1
LogDevObjectVersion:   Dev-AnimPhys (29E575DD-E0A3-4627-9D10-D276232CDCEA): 3
LogInit: Compiled (64-bit): May 31 2017 02:03:30
LogInit: Compiled with Visual C++: 19.00.24215.01
LogInit: Build Configuration: Development
LogInit: Branch Name: ++UE4+Release-4.16
LogInit: Command line:  
LogInit: Base directory: E:/Epic Games/UE_4.16/Engine/Binaries/Win64/
LogInit: Installed Engine Build: 1
LogInit: Presizing for max 8388607 objects, including 0 objects not considered by GC, pre-allocating 0 bytes for permanent pool.
LogInit: Object subsystem initialized
[2017.06.19-14.43.20:825][  0]LogInit: Selected Device Profile: [Windows]
[2017.06.19-14.43.20:825][  0]LogInit: Applying CVar settings loaded from the selected device profile: [Windows]
[2017.06.19-14.43.20:924][  0]LogInit: Computer: RAMSAY
[2017.06.19-14.43.20:924][  0]LogInit: User: Tom
[2017.06.19-14.43.20:924][  0]LogInit: CPU Page size=4096, Cores=4
[2017.06.19-14.43.20:924][  0]LogInit: High frequency timer resolution =3.903988 MHz
[2017.06.19-14.43.20:932][  0]LogMemory: Memory total: Physical=15.9GB (16GB approx)
[2017.06.19-14.43.20:932][  0]LogMemory: Platform Memory Stats for Windows
[2017.06.19-14.43.20:932][  0]LogMemory: Process Physical Memory: 278.41 MB used, 278.41 MB peak
[2017.06.19-14.43.20:932][  0]LogMemory: Process Virtual Memory: 264.44 MB used, 264.44 MB peak
[2017.06.19-14.43.20:932][  0]LogMemory: Physical Memory: 6726.87 MB used,  9599.21 MB free, 16326.08 MB total
[2017.06.19-14.43.20:932][  0]LogMemory: Virtual Memory: 680.27 MB used,  9599.21 MB free, 134217728.00 MB total
[2017.06.19-14.43.21:557][  0]LogInit: Using OS detected language (en-US).
[2017.06.19-14.43.21:557][  0]LogInit: Using OS detected locale (en-GB).
[2017.06.19-14.43.21:837][  0]LogTextLocalizationManager: No specific localization for 'en-US' exists, so the 'en' localization will be used.
[2017.06.19-14.43.26:657][  0]LogD3D11RHI: D3D11 adapters:
[2017.06.19-14.43.27:176][  0]LogD3D11RHI:    0. 'NVIDIA GeForce GTX 960' (Feature Level 11_0)
[2017.06.19-14.43.27:176][  0]LogD3D11RHI:       2016/0/8163 MB DedicatedVideo/DedicatedSystem/SharedSystem, Outputs:2, VendorId:0x10de
[2017.06.19-14.43.27:178][  0]LogD3D11RHI:    1. 'Microsoft Basic Render Driver' (Feature Level 11_0)
[2017.06.19-14.43.27:178][  0]LogD3D11RHI:       0/0/8163 MB DedicatedVideo/DedicatedSystem/SharedSystem, Outputs:0, VendorId:0x1414
[2017.06.19-14.43.27:178][  0]LogD3D11RHI: Chosen D3D11 Adapter: 0
[2017.06.19-14.43.27:193][  0]LogD3D11RHI: Creating new Direct3DDevice
[2017.06.19-14.43.27:193][  0]LogD3D11RHI:     GPU DeviceId: 0x1401 (for the marketing name, search the web for "GPU Device Id")
[2017.06.19-14.43.27:193][  0]LogWindows: EnumDisplayDevices:
[2017.06.19-14.43.27:194][  0]LogWindows:    0. 'NVIDIA GeForce GTX 960' (P:1 D:1)
[2017.06.19-14.43.27:194][  0]LogWindows:    1. 'NVIDIA GeForce GTX 960' (P:0 D:1)
[2017.06.19-14.43.27:194][  0]LogWindows:    2. 'NVIDIA GeForce GTX 960' (P:0 D:0)
[2017.06.19-14.43.27:194][  0]LogWindows:    3. 'NVIDIA GeForce GTX 960' (P:0 D:0)
[2017.06.19-14.43.27:195][  0]LogWindows: DebugString: FoundDriverCount:4 
[2017.06.19-14.43.27:195][  0]LogD3D11RHI:     Adapter Name: NVIDIA GeForce GTX 960
[2017.06.19-14.43.27:195][  0]LogD3D11RHI:   Driver Version: 382.53 (internal:22.21.13.8253, unified:382.53)
[2017.06.19-14.43.27:195][  0]LogD3D11RHI:      Driver Date: 6-7-2017
[2017.06.19-14.43.27:195][  0]LogRHI: Texture pool is 1361 MB (70% of 1945 MB)
[2017.06.19-14.43.27:697][  0]LogD3D11RHI: Async texture creation enabled
[2017.06.19-14.43.28:020][  0]LogD3D11RHI: GPU Timing Frequency: 1000.000000 (Debug: 2 1)
[2017.06.19-14.43.28:152][  0]LogShaderCompilers: Guid format shader working directory is 4 characters bigger than the processId version (C:/Users/Tom/Documents/GitHub/Life/Life/Intermediate/Shaders/WorkingDirectory/15328/).
[2017.06.19-14.43.28:152][  0]LogShaderCompilers: Cleaned the shader compiler working directory 'C:/Users/Tom/AppData/Local/Temp/UnrealShaderWorkingDir/924C6275497C1191D1ACBF9998A1ADC1/'.
[2017.06.19-14.43.28:155][  0]LogShaderCompilers:Display: Using Local Shader Compiler.
[2017.06.19-14.43.33:597][  0]LogTemp:Display: Loaded TP AllDesktopTargetPlatform
[2017.06.19-14.43.33:630][  0]LogTemp:Display: Loaded TP MacClientTargetPlatform
[2017.06.19-14.43.33:664][  0]LogTemp:Display: Loaded TP MacNoEditorTargetPlatform
[2017.06.19-14.43.33:701][  0]LogTemp:Display: Loaded TP MacServerTargetPlatform
[2017.06.19-14.43.33:758][  0]LogTemp:Display: Loaded TP MacTargetPlatform
[2017.06.19-14.43.33:792][  0]LogTemp:Display: Loaded TP WindowsClientTargetPlatform
[2017.06.19-14.43.33:827][  0]LogTemp:Display: Loaded TP WindowsNoEditorTargetPlatform
[2017.06.19-14.43.33:862][  0]LogTemp:Display: Loaded TP WindowsServerTargetPlatform
[2017.06.19-14.43.33:890][  0]LogTemp:Display: Loaded TP WindowsTargetPlatform
[2017.06.19-14.43.33:950][  0]LogTemp:Display: Loaded TP AndroidTargetPlatform
[2017.06.19-14.43.33:984][  0]LogTemp:Display: Loaded TP Android_ASTCTargetPlatform
[2017.06.19-14.43.34:018][  0]LogTemp:Display: Loaded TP Android_ATCTargetPlatform
[2017.06.19-14.43.34:055][  0]LogTemp:Display: Loaded TP Android_DXTTargetPlatform
[2017.06.19-14.43.34:093][  0]LogTemp:Display: Loaded TP Android_ETC1TargetPlatform
[2017.06.19-14.43.34:127][  0]LogTemp:Display: Loaded TP Android_ETC2TargetPlatform
[2017.06.19-14.43.34:198][  0]LogTemp:Display: Loaded TP Android_MultiTargetPlatform
[2017.06.19-14.43.34:198][  0]LogTemp:Display: Loaded TP Android_PVRTCTargetPlatform
[2017.06.19-14.43.34:235][  0]LogTemp:Display: Loaded TP HTML5TargetPlatform
[2017.06.19-14.43.34:391][  0]LogTemp:Display: Loaded TP IOSTargetPlatform
[2017.06.19-14.43.34:417][  0]LogTemp:Display: Loaded TP TVOSTargetPlatform
[2017.06.19-14.43.34:456][  0]LogTemp:Display: Loaded TP LinuxClientTargetPlatform
[2017.06.19-14.43.34:490][  0]LogTemp:Display: Loaded TP LinuxNoEditorTargetPlatform
[2017.06.19-14.43.34:524][  0]LogTemp:Display: Loaded TP LinuxServerTargetPlatform
[2017.06.19-14.43.34:574][  0]LogTemp:Display: Loaded TP LinuxTargetPlatform
[2017.06.19-14.43.34:574][  0]LogTargetPlatformManager:Display: Building Assets For Windows
[2017.06.19-14.43.35:936][  0]LogDerivedDataCache:Display: Max Cache Size: 512 MB
[2017.06.19-14.43.36:307][  0]LogDerivedDataCache: Loaded boot cache 0.37s 90MB C:/Users/Tom/AppData/Local/UnrealEngine/4.16/DerivedDataCache/Boot.ddc.
[2017.06.19-14.43.36:308][  0]LogDerivedDataCache:Display: Loaded Boot cache: C:/Users/Tom/AppData/Local/UnrealEngine/4.16/DerivedDataCache/Boot.ddc
[2017.06.19-14.43.36:308][  0]LogDerivedDataCache: FDerivedDataBackendGraph:  Pak pak cache file C:/Users/Tom/Documents/GitHub/Life/Life/DerivedDataCache/DDC.ddp not found, will not use a pak cache.
[2017.06.19-14.43.36:308][  0]LogDerivedDataCache: Unable to find inner node Pak for hierarchical cache Hierarchy.
[2017.06.19-14.43.36:308][  0]LogDerivedDataCache: FDerivedDataBackendGraph:  CompressedPak pak cache file C:/Users/Tom/Documents/GitHub/Life/Life/DerivedDataCache/Compressed.ddp not found, will not use a pak cache.
[2017.06.19-14.43.36:308][  0]LogDerivedDataCache: Unable to find inner node CompressedPak for hierarchical cache Hierarchy.
[2017.06.19-14.43.36:391][  0]LogDerivedDataCache:Display: Pak cache opened for reading ../../../Engine/DerivedDataCache/Compressed.ddp.
[2017.06.19-14.43.36:404][  0]LogDerivedDataCache: Using Local data cache path C:/Users/Tom/AppData/Local/UnrealEngine/Common/DerivedDataCache: Writable
[2017.06.19-14.43.36:508][  0]LogMaterial: Verifying Global Shaders for PCD3D_SM5
[2017.06.19-14.43.36:621][  0]LogSlate: Using Freetype 2.6.0
[2017.06.19-14.43.36:735][  0]LogSlate: SlateFontCache - WITH_FREETYPE: 1, WITH_HARFBUZZ: 1
[2017.06.19-14.43.36:735][  0]LogSlate: SlateFontCache - WITH_FREETYPE: 1, WITH_HARFBUZZ: 1
[2017.06.19-14.43.48:675][  0]LogInit: Selected Device Profile: [Windows]
[2017.06.19-14.43.49:741][  0]LogContentStreaming: Texture pool size is 0.00 MB
[2017.06.19-14.43.50:370][  0]LogMeshUtilities: Using QuadricMeshReduction for automatic static mesh reduction
[2017.06.19-14.43.50:531][  0]LogSimplygon: Simplygon DLL not present - disabling.
[2017.06.19-14.43.50:592][  0]LogMeshUtilities: Using SimplygonSwarm for distributed automatic mesh merging
[2017.06.19-14.43.50:592][  0]LogMeshUtilities: No automatic skeletal mesh reduction module available
[2017.06.19-14.43.50:592][  0]LogMeshUtilities: No automatic mesh merging module available
[2017.06.19-14.43.56:022][  0]LogNetVersion: Life , NetCL: 3452394, EngineNetVer: 2, GameNetVer: 0 (Checksum: 205495349)
[2017.06.19-14.43.56:417][  0]LogAssetRegistry: FAssetRegistry took 0.0551 seconds to start up
[2017.06.19-14.43.56:570][  0]LogPackageLocalizationCache: Processed 4 localized package path(s) for 2 prioritized culture(s) in 0.121319 seconds
[2017.06.19-14.43.56:581][  0]LogUObjectArray: 34194 objects as part of root set at end of initial load.
[2017.06.19-14.43.56:581][  0]LogUObjectAllocator: 7260416 out of 0 bytes used by permanent object pool.
[2017.06.19-14.43.56:581][  0]LogUObjectArray: CloseDisregardForGC: 0/0 objects in disregard for GC pool
[2017.06.19-14.43.56:700][  0]LogInit: WinSock: version 1.1 (2.2), MaxSocks=32767, MaxUdp=65467
[2017.06.19-14.44.19:944][  0]LogTcpMessaging: Initializing TcpMessaging bridge
[2017.06.19-14.44.19:989][  0]LogUdpMessaging: Initializing bridge on interface 0.0.0.0:0 to multicast group 230.0.0.1:6666.
[2017.06.19-14.44.21:500][  0]LogMaterial: Uniform references updated for custom material expression Custom.
[2017.06.19-14.44.22:365][  0]SourceControl: Info Source control is disabled
[2017.06.19-14.44.22:471][  0]SourceControl: Info Source control is disabled
[2017.06.19-14.44.22:538][  0]SourceControl: Info Source control is disabled
[2017.06.19-14.44.22:642][  0]SourceControl: Info Source control is disabled
[2017.06.19-14.44.23:895][  0]LogAndroidPermission: UAndroidPermissionCallbackProxy::GetInstance
[2017.06.19-14.44.25:093][  0]LogEngine: Initializing Engine...
[2017.06.19-14.44.32:207][  0]LogHMD: Failed to initialize OpenVR with code 108
[2017.06.19-14.44.33:330][  0]LogHMD: Oculus plugin initialized. Version: 4.16.1-3466753+++UE4+Release-4.16, LibOVR: 1.15.0, SDK: 1.12.0, built May 31 2017, 02:11:10
[2017.06.19-14.44.34:987][  0]LogStats: UGameplayTagsManager::ConstructGameplayTagTree: Construct from data asset -  0.000 s
[2017.06.19-14.44.34:987][  0]LogStats: UGameplayTagsManager::ConstructGameplayTagTree: GameplayTagTreeChangedEvent.Broadcast -  0.000 s
[2017.06.19-14.44.37:032][  0]LogAIModule: Creating AISystem for world Untitled
[2017.06.19-14.44.37:714][  0]LogInit: XAudio2 using 'Speakers (Realtek High Definition Audio)' : 2 channels at 48 kHz using 32 bits per sample (channel mask 0x3)
[2017.06.19-14.44.37:740][  0]LogInit: FAudioDevice initialized.
[2017.06.19-14.44.37:782][  0]LogDerivedDataCache: Saved boot cache 0.04s 90MB C:/Users/Tom/AppData/Local/UnrealEngine/4.16/DerivedDataCache/Boot.ddc.
[2017.06.19-14.44.37:799][  0]LogInit: Texture streaming: Enabled
[2017.06.19-14.44.38:097][  0]LogEngineSessionManager: EngineSessionManager initialized
[2017.06.19-14.44.38:869][  0]LogInit: Transaction tracking system initialized
[2017.06.19-14.44.39:835][  0]BlueprintLog: New page: Editor Load
[2017.06.19-14.44.41:502][  0]LocalizationService: Info Localization service is disabled
[2017.06.19-14.44.42:580][  0]LogConsoleResponse:Display: 
[2017.06.19-14.44.45:610][  0]LogFileCache: Scanning file cache for directory 'C:/Users/Tom/Documents/GitHub/Life/Life/Content/' took 0.06s
[2017.06.19-14.44.45:610][  0]LogCook:Display: Max memory allowance for cook 16384mb min free memory 0mb
[2017.06.19-14.44.45:610][  0]LogCook:Display: Mobile HDR setting 1
[2017.06.19-14.44.48:981][  0]SourceControl: Info Source control is disabled
[2017.06.19-14.44.48:997][  0]Cmd: MAP LOAD FILE="C:/Users/Tom/Documents/GitHub/Life/Life/Content/FirstPersonBP/Maps/FirstPersonExampleMap.umap" TEMPLATE=0 SHOWPROGRESS=1 FEATURELEVEL=3
[2017.06.19-14.44.49:010][  0]LightingResults: New page: Lighting Build
[2017.06.19-14.44.49:339][  0]MapCheck: New page: Map Check
[2017.06.19-14.44.49:339][  0]LightingResults: New page: Lighting Build
[2017.06.19-14.44.51:086][  0]LogAIModule: Creating AISystem for world FirstPersonExampleMap
[2017.06.19-14.44.51:513][  0]LogSkinnedMeshComp:Warning: GetSocketByName(GripPoint): No SkeletalMesh for Component(Mesh2P) Actor(FirstPersonCharacter_C_1)
[2017.06.19-14.44.51:513][  0]LogSkinnedMeshComp:Warning: GetSocketByName(GripPoint): No SkeletalMesh for Component(Mesh2P) Actor(FirstPersonCharacter_C_1)
[2017.06.19-14.44.51:513][  0]LogSkinnedMeshComp:Warning: GetSocketByName(GripPoint): No SkeletalMesh for Component(Mesh2P) Actor(FirstPersonCharacter_C_1)
[2017.06.19-14.44.51:637][  0]LogSkinnedMeshComp:Warning: GetSocketByName(GripPoint): No SkeletalMesh for Component(Mesh2P) Actor(FirstPersonCharacter_C_1)
[2017.06.19-14.44.51:792][  0]LogEditorServer: Finished looking for orphan Actors (0.000 secs)
[2017.06.19-14.44.51:900][  0]Cmd: MAP CHECKDEP NOCLEARLOG
[2017.06.19-14.44.51:940][  0]MapCheck: Info Map check complete: 0 Error(s), 0 Warning(s), took 40.056ms to complete.
[2017.06.19-14.44.51:941][  0]LogFileHelpers: Loading map 'FirstPersonExampleMap' took 2.954
[2017.06.19-14.44.52:899][  0]LogWindowsTextInputMethodSystem:Display: IME system now deactivated.
[2017.06.19-14.44.53:611][  0]LogCollectionManager: Loaded 0 collections in 0.001190 seconds
[2017.06.19-14.44.53:787][  0]LogFileCache: Scanning file cache for directory 'C:/Users/Tom/Documents/GitHub/Life/Life/Saved/Collections/' took 0.01s
[2017.06.19-14.44.53:787][  0]LogFileCache: Scanning file cache for directory 'C:/Users/Tom/Documents/GitHub/Life/Life/Content/Developers/Tom/Collections/' took 0.01s
[2017.06.19-14.44.53:787][  0]LogFileCache: Scanning file cache for directory 'C:/Users/Tom/Documents/GitHub/Life/Life/Content/Collections/' took 0.01s
[2017.06.19-14.44.53:787][  0]LogCollectionManager: Rebuilt the GUID cache for 0 collections in 0.000002 seconds
[2017.06.19-14.44.53:798][  0]LogContentBrowser: Native class hierarchy populated in 0.0084 seconds. Added 2329 classes and 491 folders.
[2017.06.19-14.44.53:934][  0]LogContentBrowser: Native class hierarchy updated for 'WidgetCarousel' in 0.0005 seconds. Added 0 classes and 0 folders.
[2017.06.19-14.44.54:964][  0]LogContentBrowser: Native class hierarchy updated for 'AddContentDialog' in 0.0005 seconds. Added 0 classes and 0 folders.
[2017.06.19-14.44.55:039][  0]LogContentBrowser: Native class hierarchy updated for 'SceneOutliner' in 0.0005 seconds. Added 1 classes and 2 folders.
[2017.06.19-14.44.55:401][  0]LogCrashTracker: Crashtracker disabled due to settings.
[2017.06.19-14.44.55:593][  0]LogSlate: Took 0.020390 seconds to synchronously load lazily loaded font '../../../Engine/Content/Slate/Fonts/Roboto-Regular.ttf' (155K)
[2017.06.19-14.44.55:612][  0]LogSlate: Took 0.016559 seconds to synchronously load lazily loaded font '../../../Engine/Content/Slate/Fonts/Roboto-Bold.ttf' (160K)
[2017.06.19-14.44.55:685][  0]LogSlate: Took 0.013146 seconds to synchronously load lazily loaded font '../../../Engine/Content/Editor/Slate/Fonts/FontAwesome.ttf' (139K)
[2017.06.19-14.44.56:171][  0]LogRenderer: Reallocating scene render targets to support 1116x600 NumSamples 1 (Frame:1).
[2017.06.19-14.44.56:916][  0]LogUObjectGlobals:Warning: Failed to find object 'Class None.'
[2017.06.19-14.44.57:079][  0]LogContentBrowser: Native class hierarchy updated for 'HierarchicalLODOutliner' in 0.0007 seconds. Added 1 classes and 2 folders.
[2017.06.19-14.44.57:079][  0]LogLoad: (Engine Initialization) Total time: 108.58 seconds
[2017.06.19-14.44.57:079][  0]LogLoad: (Engine Initialization) Total Blueprint compile time: 0.76 seconds
[2017.06.19-14.44.57:079][  0]LogExternalProfiler: Found external profiler: VSPerf
[2017.06.19-14.44.57:079][  0]LogExternalProfiler: Using external profiler: VSPerf
[2017.06.19-14.44.57:135][  0]LogOcInput: OculusInput pre-init called
[2017.06.19-14.44.57:154][  0]LogOcInput: OculusInput is initialized. Init status 0. Runtime version: 1.15.0
[2017.06.19-14.44.57:163][  0]LogHMD: Starting GearVRController plugin
[2017.06.19-14.44.57:573][  0]LogContentStreaming: Texture pool size now 1000 MB
[2017.06.19-14.44.57:801][  0]LogSlate: Took 0.013177 seconds to synchronously load lazily loaded font '../../../Engine/Content/Slate/Fonts/Roboto-Light.ttf' (159K)
[2017.06.19-14.44.58:062][  3]LogAssetRegistry: Asset discovery search completed in 61.6804 seconds
[2017.06.19-14.44.58:109][  3]LogCollectionManager: Rebuilt the object cache for 0 collections in 0.000001 seconds (found 0 objects)
[2017.06.19-14.44.58:109][  3]LogCollectionManager: Fixed up redirectors for 0 collections in 0.000043 seconds (updated 0 objects)
[2017.06.19-14.45.40:895][724]LogAIModule: Creating AISystem for world LifeDemo
[2017.06.19-14.45.42:119][849]LogSlate: Took 0.000161 seconds to synchronously load lazily loaded font '../../../Engine/Content/Slate/Fonts/Roboto-Light.ttf' (159K)
[2017.06.19-14.45.42:365][849]Cmd: OBJ SAVEPACKAGE PACKAGE="/Game/Levels/LifeDemo" FILE="C:/Users/Tom/Documents/GitHub/Life/Life/Content/Levels/LifeDemo.umap" SILENT=true AUTOSAVING=false KEEPDIRTY=false
[2017.06.19-14.45.42:705][849]LogSavePackage: Save=241.11ms
[2017.06.19-14.45.42:705][849]LogSavePackage: Moving 'C:/Users/Tom/Documents/GitHub/Life/Life/Saved/LifeDemoBDA77AA348B5F70EBE73388B4D371F7F.tmp' to 'C:/Users/Tom/Documents/GitHub/Life/Life/Content/Levels/LifeDemo.umap'
[2017.06.19-14.45.42:731][849]LogSavePackage:Display: Finished SavePackage C:/Users/Tom/Documents/GitHub/Life/Life/Content/Levels/LifeDemo.umap
[2017.06.19-14.45.42:737][849]LogFileHelpers: Saving map 'LifeDemo' took 0.415
[2017.06.19-14.46.48:016][551]LogMaterial: Uniform references updated for custom material expression TemporalAA SampleID.
[2017.06.19-14.46.48:016][551]LogMaterial: Uniform references updated for custom material expression Custom.
[2017.06.19-14.46.48:022][551]LogTexture:Display: Building textures: A_WindWeightLeaves (AutoDXT, 512X512)
[2017.06.19-14.46.48:078][551]LogTexture:Display: Building textures: A_TreeDead (AutoDXT, 1024X1024)
[2017.06.19-14.46.48:205][551]LogTexture:Display: Building textures: A_AshPuff01 (AutoDXT, 256X256)
[2017.06.19-14.46.48:224][551]LogMaterial: Missing cached shader map for material M_AshPuff, compiling. 
[2017.06.19-14.46.48:294][551]LogTexture:Display: Building textures: TestAssets01_LP_lambert2_OcclusionRoughnessMetallic (AutoDXT, 1024X1024)
[2017.06.19-14.46.48:443][551]LogTexture:Display: Building textures: O_TreeDead (AutoDXT, 1024X1024)
[2017.06.19-14.46.48:565][551]LogTexture:Display: Building textures: D_Tree (AutoDXT, 1024X1024)
[2017.06.19-14.46.48:765][551]LogTexture:Display: Building textures: TestAssets01_LP_lambert2_Normal (BC5, 1024X1024)
[2017.06.19-14.46.48:837][551]LogTexture:Display: Building textures: D_TreeDead (AutoDXT, 1024X1024)
[2017.06.19-14.46.48:957][551]LogMaterial: Missing cached shader map for material M_Tree, compiling. 
[2017.06.19-14.46.49:620][551]LogSlate: Took 0.000181 seconds to synchronously load lazily loaded font '../../../Engine/Content/Slate/Fonts/Roboto-Regular.ttf' (155K)
[2017.06.19-14.46.49:724][551]LogContentBrowser: Native class hierarchy updated for 'BlueprintGraph' in 0.0013 seconds. Added 112 classes and 0 folders.
[2017.06.19-14.46.51:444][551]LogSlate: Took 0.017201 seconds to synchronously load lazily loaded font '../../../Engine/Content/Editor/Slate/Fonts/Roboto-BoldCondensed.ttf' (158K)
[2017.06.19-14.46.52:020][552]LogSlate: Took 0.016462 seconds to synchronously load lazily loaded font '../../../Engine/Content/Editor/Slate/Fonts/Roboto-Italic.ttf' (157K)
[2017.06.19-14.46.55:752][806]LogRenderer: Reallocating scene render targets to support 1144x744 NumSamples 1 (Frame:1).
[2017.06.19-14.47.21:122][624]LogEditorViewport: Clicking on Actor (LMB): MorphingAsset_C (MorphingAsset)
[2017.06.19-14.47.22:787][809]LogTemp: Repeting last play command: Selected Viewport
[2017.06.19-14.47.22:887][809]LogBlueprintUserMessages: Early PlayInEditor Detection: Level '/Game/FirstPersonBP/Maps/FirstPersonExampleMap.FirstPersonExampleMap:PersistentLevel' has LevelScriptBlueprint '/Game/FirstPersonBP/Maps/FirstPersonExampleMap.FirstPersonExampleMap:PersistentLevel.FirstPersonExampleMap' with GeneratedClass '/Game/FirstPersonBP/Maps/FirstPersonExampleMap.FirstPersonExampleMap_C' with ClassGeneratedBy '/Game/FirstPersonBP/Maps/FirstPersonExampleMap.FirstPersonExampleMap:PersistentLevel.FirstPersonExampleMap'
[2017.06.19-14.47.22:916][809]LogPlayLevel: PlayLevel: No blueprints needed recompiling
[2017.06.19-14.47.22:963][809]PIE: New page: PIE session: FirstPersonExampleMap (19 Jun 2017 16:47:22)
[2017.06.19-14.47.22:975][809]LogPlayLevel: Creating play world package: /Game/FirstPersonBP/Maps/UEDPIE_0_FirstPersonExampleMap
[2017.06.19-14.47.23:085][809]LogPlayLevel: PIE: StaticDuplicateObject took: (0.110237s)
[2017.06.19-14.47.23:086][809]LogAIModule: Creating AISystem for world FirstPersonExampleMap
[2017.06.19-14.47.23:086][809]LogPlayLevel: PIE: World Init took: (0.000596s)
[2017.06.19-14.47.23:087][809]LogPlayLevel: PIE: Created PIE world by copying editor world from /Game/FirstPersonBP/Maps/FirstPersonExampleMap.FirstPersonExampleMap to /Game/FirstPersonBP/Maps/UEDPIE_0_FirstPersonExampleMap.FirstPersonExampleMap (0.112033s)
[2017.06.19-14.47.23:180][809]LogInit: XAudio2 using 'Speakers (Realtek High Definition Audio)' : 2 channels at 48 kHz using 32 bits per sample (channel mask 0x3)
[2017.06.19-14.47.23:188][809]LogInit: FAudioDevice initialized.
[2017.06.19-14.47.23:232][809]LogLoad: Game class is 'FirstPersonGameMode_C'
[2017.06.19-14.47.23:360][809]LogWorld: Bringing World /Game/FirstPersonBP/Maps/UEDPIE_0_FirstPersonExampleMap.FirstPersonExampleMap up for play (max tick rate 0) at 2017.06.19-15.47.23
[2017.06.19-14.47.23:373][809]LogWorld: Bringing up level for play took: 0.029498
[2017.06.19-14.47.23:527][809]LogContentBrowser: Native class hierarchy updated for 'MovieSceneCapture' in 0.0006 seconds. Added 11 classes and 0 folders.
[2017.06.19-14.47.23:594][809]PIE: Info Play in editor start time for /Game/FirstPersonBP/Maps/UEDPIE_0_FirstPersonExampleMap 1.434
[2017.06.19-14.47.23:594][809]LogBlueprintUserMessages: Late PlayInEditor Detection: Level '/Game/FirstPersonBP/Maps/FirstPersonExampleMap.FirstPersonExampleMap:PersistentLevel' has LevelScriptBlueprint '/Game/FirstPersonBP/Maps/FirstPersonExampleMap.FirstPersonExampleMap:PersistentLevel.FirstPersonExampleMap' with GeneratedClass '/Game/FirstPersonBP/Maps/FirstPersonExampleMap.FirstPersonExampleMap_C' with ClassGeneratedBy '/Game/FirstPersonBP/Maps/FirstPersonExampleMap.FirstPersonExampleMap:PersistentLevel.FirstPersonExampleMap'
[2017.06.19-14.47.48:882][815]LogBlueprintUserMessages: Early EndPlayMap Detection: Level '/Game/FirstPersonBP/Maps/FirstPersonExampleMap.FirstPersonExampleMap:PersistentLevel' has LevelScriptBlueprint '/Game/FirstPersonBP/Maps/FirstPersonExampleMap.FirstPersonExampleMap:PersistentLevel.FirstPersonExampleMap' with GeneratedClass '/Game/FirstPersonBP/Maps/FirstPersonExampleMap.FirstPersonExampleMap_C' with ClassGeneratedBy '/Game/FirstPersonBP/Maps/FirstPersonExampleMap.FirstPersonExampleMap:PersistentLevel.FirstPersonExampleMap'
[2017.06.19-14.47.48:959][815]LogBlueprintUserMessages: Late EndPlayMap Detection: Level '/Game/FirstPersonBP/Maps/FirstPersonExampleMap.FirstPersonExampleMap:PersistentLevel' has LevelScriptBlueprint '/Game/FirstPersonBP/Maps/FirstPersonExampleMap.FirstPersonExampleMap:PersistentLevel.FirstPersonExampleMap' with GeneratedClass '/Game/FirstPersonBP/Maps/FirstPersonExampleMap.FirstPersonExampleMap_C' with ClassGeneratedBy '/Game/FirstPersonBP/Maps/FirstPersonExampleMap.FirstPersonExampleMap:PersistentLevel.FirstPersonExampleMap'
[2017.06.19-14.47.50:387][970]LogEditorViewport: Clicking on Actor (LMB): MorphingAsset_C (MorphingAsset)
[2017.06.19-14.47.51:083][ 50]Cmd: DELETE
[2017.06.19-14.47.51:083][ 50]Cmd: ACTOR DELETE
[2017.06.19-14.47.51:206][ 50]LogEditorActor: Deleted Actor: MorphingAsset_C
[2017.06.19-14.47.51:224][ 50]LogEditorActor: Deleted 1 Actors (0.020 secs)
[2017.06.19-14.47.55:296][520]LogTexture:Display: Building textures: A_TreeMossRandCol (AutoDXT, 1024X1024)
[2017.06.19-14.47.55:369][520]LogMaterial: Missing cached shader map for material M_ShroomMoss, compiling. 
[2017.06.19-14.47.57:075][659]LogTemp: Repeting last play command: Selected Viewport
[2017.06.19-14.47.57:099][659]LogBlueprintUserMessages: Early PlayInEditor Detection: Level '/Game/FirstPersonBP/Maps/FirstPersonExampleMap.FirstPersonExampleMap:PersistentLevel' has LevelScriptBlueprint '/Game/FirstPersonBP/Maps/FirstPersonExampleMap.FirstPersonExampleMap:PersistentLevel.FirstPersonExampleMap' with GeneratedClass '/Game/FirstPersonBP/Maps/FirstPersonExampleMap.FirstPersonExampleMap_C' with ClassGeneratedBy '/Game/FirstPersonBP/Maps/FirstPersonExampleMap.FirstPersonExampleMap:PersistentLevel.FirstPersonExampleMap'
[2017.06.19-14.47.57:099][659]LogPlayLevel: PlayLevel: No blueprints needed recompiling
[2017.06.19-14.47.57:099][659]PIE: New page: PIE session: FirstPersonExampleMap (19 Jun 2017 16:47:57)
[2017.06.19-14.47.57:099][659]LogPlayLevel: Creating play world package: /Game/FirstPersonBP/Maps/UEDPIE_0_FirstPersonExampleMap
[2017.06.19-14.47.57:119][659]LogPlayLevel: PIE: StaticDuplicateObject took: (0.019999s)
[2017.06.19-14.47.57:120][659]LogAIModule: Creating AISystem for world FirstPersonExampleMap
[2017.06.19-14.47.57:120][659]LogPlayLevel: PIE: World Init took: (0.000933s)
[2017.06.19-14.47.57:120][659]LogPlayLevel: PIE: Created PIE world by copying editor world from /Game/FirstPersonBP/Maps/FirstPersonExampleMap.FirstPersonExampleMap to /Game/FirstPersonBP/Maps/UEDPIE_0_FirstPersonExampleMap.FirstPersonExampleMap (0.021255s)
[2017.06.19-14.47.57:158][659]LogInit: XAudio2 using 'Speakers (Realtek High Definition Audio)' : 2 channels at 48 kHz using 32 bits per sample (channel mask 0x3)
[2017.06.19-14.47.57:169][659]LogInit: FAudioDevice initialized.
[2017.06.19-14.47.57:204][659]LogLoad: Game class is 'FirstPersonGameMode_C'
[2017.06.19-14.47.57:207][659]LogWorld: Bringing World /Game/FirstPersonBP/Maps/UEDPIE_0_FirstPersonExampleMap.FirstPersonExampleMap up for play (max tick rate 0) at 2017.06.19-15.47.57
[2017.06.19-14.47.57:207][659]LogWorld: Bringing up level for play took: 0.002653
[2017.06.19-14.47.57:209][659]PIE: Info Play in editor start time for /Game/FirstPersonBP/Maps/UEDPIE_0_FirstPersonExampleMap 1.049
[2017.06.19-14.47.57:209][659]LogBlueprintUserMessages: Late PlayInEditor Detection: Level '/Game/FirstPersonBP/Maps/FirstPersonExampleMap.FirstPersonExampleMap:PersistentLevel' has LevelScriptBlueprint '/Game/FirstPersonBP/Maps/FirstPersonExampleMap.FirstPersonExampleMap:PersistentLevel.FirstPersonExampleMap' with GeneratedClass '/Game/FirstPersonBP/Maps/FirstPersonExampleMap.FirstPersonExampleMap_C' with ClassGeneratedBy '/Game/FirstPersonBP/Maps/FirstPersonExampleMap.FirstPersonExampleMap:PersistentLevel.FirstPersonExampleMap'
[2017.06.19-14.48.19:125][189]LogBlueprintUserMessages: Early EndPlayMap Detection: Level '/Game/FirstPersonBP/Maps/FirstPersonExampleMap.FirstPersonExampleMap:PersistentLevel' has LevelScriptBlueprint '/Game/FirstPersonBP/Maps/FirstPersonExampleMap.FirstPersonExampleMap:PersistentLevel.FirstPersonExampleMap' with GeneratedClass '/Game/FirstPersonBP/Maps/FirstPersonExampleMap.FirstPersonExampleMap_C' with ClassGeneratedBy '/Game/FirstPersonBP/Maps/FirstPersonExampleMap.FirstPersonExampleMap:PersistentLevel.FirstPersonExampleMap'
[2017.06.19-14.48.19:175][189]LogBlueprintUserMessages: Late EndPlayMap Detection: Level '/Game/FirstPersonBP/Maps/FirstPersonExampleMap.FirstPersonExampleMap:PersistentLevel' has LevelScriptBlueprint '/Game/FirstPersonBP/Maps/FirstPersonExampleMap.FirstPersonExampleMap:PersistentLevel.FirstPersonExampleMap' with GeneratedClass '/Game/FirstPersonBP/Maps/FirstPersonExampleMap.FirstPersonExampleMap_C' with ClassGeneratedBy '/Game/FirstPersonBP/Maps/FirstPersonExampleMap.FirstPersonExampleMap:PersistentLevel.FirstPersonExampleMap'
[2017.06.19-14.48.20:107][296]LogEditorViewport: Clicking on Actor (LMB): MorphingAsset_Shrub_C (MorphingAsset_Shrub)
[2017.06.19-14.48.21:368][428]Cmd: DELETE
[2017.06.19-14.48.21:368][428]Cmd: ACTOR DELETE
[2017.06.19-14.48.21:368][428]LogEditorActor: Deleted Actor: MorphingAsset_Shrub_C
[2017.06.19-14.48.21:381][428]LogEditorActor: Deleted 1 Actors (0.014 secs)
[2017.06.19-14.48.30:306][247]Cmd: DELETE
[2017.06.19-14.48.30:306][247]Cmd: ACTOR DELETE
[2017.06.19-14.48.30:306][247]LogEditorActor: Deleted Actor: MorphingAsset_Shroom_C
[2017.06.19-14.48.30:322][247]LogEditorActor: Deleted 1 Actors (0.017 secs)
[2017.06.19-14.48.38:722][ 78]LogTemp: Repeting last play command: Selected Viewport
[2017.06.19-14.48.38:736][ 78]LogBlueprintUserMessages: Early PlayInEditor Detection: Level '/Game/FirstPersonBP/Maps/FirstPersonExampleMap.FirstPersonExampleMap:PersistentLevel' has LevelScriptBlueprint '/Game/FirstPersonBP/Maps/FirstPersonExampleMap.FirstPersonExampleMap:PersistentLevel.FirstPersonExampleMap' with GeneratedClass '/Game/FirstPersonBP/Maps/FirstPersonExampleMap.FirstPersonExampleMap_C' with ClassGeneratedBy '/Game/FirstPersonBP/Maps/FirstPersonExampleMap.FirstPersonExampleMap:PersistentLevel.FirstPersonExampleMap'
[2017.06.19-14.48.38:736][ 78]LogPlayLevel: PlayLevel: No blueprints needed recompiling
[2017.06.19-14.48.38:736][ 78]PIE: New page: PIE session: FirstPersonExampleMap (19 Jun 2017 16:48:38)
[2017.06.19-14.48.38:736][ 78]LogPlayLevel: Creating play world package: /Game/FirstPersonBP/Maps/UEDPIE_0_FirstPersonExampleMap
[2017.06.19-14.48.38:756][ 78]LogPlayLevel: PIE: StaticDuplicateObject took: (0.019230s)
[2017.06.19-14.48.38:756][ 78]LogAIModule: Creating AISystem for world FirstPersonExampleMap
[2017.06.19-14.48.38:757][ 78]LogPlayLevel: PIE: World Init took: (0.000920s)
[2017.06.19-14.48.38:757][ 78]LogPlayLevel: PIE: Created PIE world by copying editor world from /Game/FirstPersonBP/Maps/FirstPersonExampleMap.FirstPersonExampleMap to /Game/FirstPersonBP/Maps/UEDPIE_0_FirstPersonExampleMap.FirstPersonExampleMap (0.020383s)
[2017.06.19-14.48.38:787][ 78]LogInit: XAudio2 using 'Speakers (Realtek High Definition Audio)' : 2 channels at 48 kHz using 32 bits per sample (channel mask 0x3)
[2017.06.19-14.48.38:795][ 78]LogInit: FAudioDevice initialized.
[2017.06.19-14.48.38:827][ 78]LogLoad: Game class is 'FirstPersonGameMode_C'
[2017.06.19-14.48.38:829][ 78]LogWorld: Bringing World /Game/FirstPersonBP/Maps/UEDPIE_0_FirstPersonExampleMap.FirstPersonExampleMap up for play (max tick rate 0) at 2017.06.19-15.48.38
[2017.06.19-14.48.38:830][ 78]LogWorld: Bringing up level for play took: 0.001838
[2017.06.19-14.48.38:830][ 78]PIE: Info Play in editor start time for /Game/FirstPersonBP/Maps/UEDPIE_0_FirstPersonExampleMap 0.671
[2017.06.19-14.48.38:831][ 78]LogBlueprintUserMessages: Late PlayInEditor Detection: Level '/Game/FirstPersonBP/Maps/FirstPersonExampleMap.FirstPersonExampleMap:PersistentLevel' has LevelScriptBlueprint '/Game/FirstPersonBP/Maps/FirstPersonExampleMap.FirstPersonExampleMap:PersistentLevel.FirstPersonExampleMap' with GeneratedClass '/Game/FirstPersonBP/Maps/FirstPersonExampleMap.FirstPersonExampleMap_C' with ClassGeneratedBy '/Game/FirstPersonBP/Maps/FirstPersonExampleMap.FirstPersonExampleMap:PersistentLevel.FirstPersonExampleMap'
[2017.06.19-14.49.05:329][254]LogBlueprintUserMessages: Early EndPlayMap Detection: Level '/Game/FirstPersonBP/Maps/FirstPersonExampleMap.FirstPersonExampleMap:PersistentLevel' has LevelScriptBlueprint '/Game/FirstPersonBP/Maps/FirstPersonExampleMap.FirstPersonExampleMap:PersistentLevel.FirstPersonExampleMap' with GeneratedClass '/Game/FirstPersonBP/Maps/FirstPersonExampleMap.FirstPersonExampleMap_C' with ClassGeneratedBy '/Game/FirstPersonBP/Maps/FirstPersonExampleMap.FirstPersonExampleMap:PersistentLevel.FirstPersonExampleMap'
[2017.06.19-14.49.05:367][254]LogBlueprintUserMessages: Late EndPlayMap Detection: Level '/Game/FirstPersonBP/Maps/FirstPersonExampleMap.FirstPersonExampleMap:PersistentLevel' has LevelScriptBlueprint '/Game/FirstPersonBP/Maps/FirstPersonExampleMap.FirstPersonExampleMap:PersistentLevel.FirstPersonExampleMap' with GeneratedClass '/Game/FirstPersonBP/Maps/FirstPersonExampleMap.FirstPersonExampleMap_C' with ClassGeneratedBy '/Game/FirstPersonBP/Maps/FirstPersonExampleMap.FirstPersonExampleMap:PersistentLevel.FirstPersonExampleMap'
[2017.06.19-14.49.06:949][438]LogEditorViewport: Clicking on Actor (LMB): MorphingAsset_MossSingle_C (MorphingAsset_MossSingle)
[2017.06.19-14.49.07:275][475]Cmd: DELETE
[2017.06.19-14.49.07:275][475]Cmd: ACTOR DELETE
[2017.06.19-14.49.07:275][475]LogEditorActor: Deleted Actor: MorphingAsset_MossSingle_C
[2017.06.19-14.49.07:287][475]LogEditorActor: Deleted 1 Actors (0.012 secs)
[2017.06.19-14.49.07:769][532]LogEditorViewport: Clicking on Actor (LMB): MorphingAsset_Shrub_C (MorphingAsset_Shrub)
[2017.06.19-14.49.08:090][567]Cmd: DELETE
[2017.06.19-14.49.08:090][567]Cmd: ACTOR DELETE
[2017.06.19-14.49.08:091][567]LogEditorActor: Deleted Actor: MorphingAsset_Shrub_C
[2017.06.19-14.49.08:104][567]LogEditorActor: Deleted 1 Actors (0.013 secs)
[2017.06.19-14.49.08:683][636]LogEditorViewport: Clicking on Actor (LMB): MorphingAsset_Shroom_C (MorphingAsset_Shroom)
[2017.06.19-14.49.08:855][653]Cmd: DELETE
[2017.06.19-14.49.08:855][653]Cmd: ACTOR DELETE
[2017.06.19-14.49.08:855][653]LogEditorActor: Deleted Actor: MorphingAsset_Shroom_C
[2017.06.19-14.49.08:867][653]LogEditorActor: Deleted 1 Actors (0.013 secs)
[2017.06.19-14.49.09:305][705]LogEditorViewport: Clicking on Actor (LMB): MorphingAsset_Tree_C (MorphingAsset_Tree)
[2017.06.19-14.49.09:518][727]Cmd: DELETE
[2017.06.19-14.49.09:518][727]Cmd: ACTOR DELETE
[2017.06.19-14.49.09:518][727]LogEditorActor: Deleted Actor: MorphingAsset_Tree_C
[2017.06.19-14.49.09:532][727]LogEditorActor: Deleted 1 Actors (0.014 secs)
[2017.06.19-14.49.09:920][773]LogEditorViewport: Clicking on Actor (LMB): MorphingAsset_MossDouble_C (MorphingAsset_MossDouble)
[2017.06.19-14.49.10:158][798]Cmd: DELETE
[2017.06.19-14.49.10:158][798]Cmd: ACTOR DELETE
[2017.06.19-14.49.10:158][798]LogEditorActor: Deleted Actor: MorphingAsset_MossDouble_C
[2017.06.19-14.49.10:173][798]LogEditorActor: Deleted 1 Actors (0.016 secs)
[2017.06.19-14.49.20:687][653]LogSavePackage: Save=329.64ms
[2017.06.19-14.49.20:687][653]LogSavePackage: Moving 'C:/Users/Tom/Documents/GitHub/Life/Life/Saved/FirstPersonExampleMapA2B818A34944E532CCF729A9DDEB2747.tmp' to 'C:/Users/Tom/Documents/GitHub/Life/Life/Content/FirstPersonBP/Maps/FirstPersonExampleMap.umap'
[2017.06.19-14.49.20:692][653]LogSavePackage:Display: Finished SavePackage C:/Users/Tom/Documents/GitHub/Life/Life/Content/FirstPersonBP/Maps/FirstPersonExampleMap.umap
[2017.06.19-14.49.20:721][653]LogFileHelpers: Saving map 'FirstPersonExampleMap' took 0.446
[2017.06.19-14.49.20:772][653]Cmd: OBJ SAVEPACKAGE PACKAGE="/Game/Levels/LifeDemo" FILE="C:/Users/Tom/Documents/GitHub/Life/Life/Content/Levels/LifeDemo.umap" SILENT=true AUTOSAVING=false KEEPDIRTY=false
[2017.06.19-14.49.20:925][653]LogSavePackage: Save=129.14ms
[2017.06.19-14.49.20:926][653]LogSavePackage: Moving 'C:/Users/Tom/Documents/GitHub/Life/Life/Saved/LifeDemoA83E0EA149D45C7116C3BCB268FB6EA2.tmp' to 'C:/Users/Tom/Documents/GitHub/Life/Life/Content/Levels/LifeDemo.umap'
[2017.06.19-14.49.20:931][653]LogSavePackage:Display: Finished SavePackage C:/Users/Tom/Documents/GitHub/Life/Life/Content/Levels/LifeDemo.umap
[2017.06.19-14.49.20:934][653]LogFileHelpers: Saving map 'LifeDemo' took 0.210
[2017.06.19-14.49.20:937][653]Cmd: MAP LOAD FILE="C:/Users/Tom/Documents/GitHub/Life/Life/Content/Levels/LifeDemo.umap" TEMPLATE=0 SHOWPROGRESS=1 FEATURELEVEL=3
[2017.06.19-14.49.20:947][653]LightingResults: New page: Lighting Build
[2017.06.19-14.49.20:948][653]LoadErrors: New page: Loading map: LifeDemo.umap
[2017.06.19-14.49.20:949][653]MapCheck: New page: Map Check
[2017.06.19-14.49.20:949][653]LightingResults: New page: Lighting Build
[2017.06.19-14.49.20:979][653]LogEditorServer: Finished looking for orphan Actors (0.000 secs)
[2017.06.19-14.49.21:010][653]Cmd: MAP CHECKDEP NOCLEARLOG
[2017.06.19-14.49.21:057][653]MapCheck: Info Map check complete: 0 Error(s), 0 Warning(s), took 47.341ms to complete.
[2017.06.19-14.49.21:057][653]LogFileHelpers: Loading map 'LifeDemo' took 0.121
[2017.06.19-14.59.09:928][584]LogSlate: Took 0.000218 seconds to synchronously load lazily loaded font '../../../Engine/Content/Slate/Fonts/Roboto-Light.ttf' (159K)
[2017.06.19-14.59.18:937][611]LogFileHelpers: Editor autosave (incl. sublevels) for '/Game/Levels/LifeDemo' took 0.014
[2017.06.19-15.03.41:795][501]LogTemp: Repeting last play command: Selected Viewport
[2017.06.19-15.03.41:807][501]LogPlayLevel: PlayLevel: No blueprints needed recompiling
[2017.06.19-15.03.41:807][501]PIE: New page: PIE session: LifeDemo (19 Jun 2017 17:03:41)
[2017.06.19-15.03.41:807][501]LogPlayLevel: Creating play world package: /Game/Levels/UEDPIE_0_LifeDemo
[2017.06.19-15.03.41:814][501]LogPlayLevel: PIE: StaticDuplicateObject took: (0.006889s)
[2017.06.19-15.03.41:814][501]LogAIModule: Creating AISystem for world LifeDemo
[2017.06.19-15.03.41:815][501]LogPlayLevel: PIE: World Init took: (0.000671s)
[2017.06.19-15.03.41:815][501]LogPlayLevel: PIE: Created PIE world by copying editor world from /Game/Levels/LifeDemo.LifeDemo to /Game/Levels/UEDPIE_0_LifeDemo.LifeDemo (0.007781s)
[2017.06.19-15.03.41:841][501]LogInit: XAudio2 using 'Speakers (Realtek High Definition Audio)' : 2 channels at 48 kHz using 32 bits per sample (channel mask 0x3)
[2017.06.19-15.03.41:849][501]LogInit: FAudioDevice initialized.
[2017.06.19-15.03.41:879][501]LogLoad: Game class is 'FirstPersonGameMode_C'
[2017.06.19-15.03.41:882][501]LogWorld: Bringing World /Game/Levels/UEDPIE_0_LifeDemo.LifeDemo up for play (max tick rate 0) at 2017.06.19-16.03.41
[2017.06.19-15.03.41:883][501]LogWorld: Bringing up level for play took: 0.002466
[2017.06.19-15.03.41:943][501]PIE: Info Play in editor start time for /Game/Levels/UEDPIE_0_LifeDemo -0.218
[2017.06.19-15.04.12:428][102]LogEditorViewport: Clicking on Actor (LMB): StaticMeshActor (Cube80)
[2017.06.19-15.04.13:174][135]LogEditorViewport: Clicking on Actor (CTRL LMB): StaticMeshActor (Cylinder21)
[2017.06.19-15.04.33:737][521]LogTemp: Repeting last play command: Selected Viewport
[2017.06.19-15.04.33:748][521]LogPlayLevel: PlayLevel: No blueprints needed recompiling
[2017.06.19-15.04.33:748][521]PIE: New page: PIE session: LifeDemo (19 Jun 2017 17:04:33)
[2017.06.19-15.04.33:748][521]LogPlayLevel: Creating play world package: /Game/Levels/UEDPIE_0_LifeDemo
[2017.06.19-15.04.33:755][521]LogPlayLevel: PIE: StaticDuplicateObject took: (0.006533s)
[2017.06.19-15.04.33:755][521]LogAIModule: Creating AISystem for world LifeDemo
[2017.06.19-15.04.33:756][521]LogPlayLevel: PIE: World Init took: (0.000790s)
[2017.06.19-15.04.33:756][521]LogPlayLevel: PIE: Created PIE world by copying editor world from /Game/Levels/LifeDemo.LifeDemo to /Game/Levels/UEDPIE_0_LifeDemo.LifeDemo (0.007585s)
[2017.06.19-15.04.33:782][521]LogInit: XAudio2 using 'Speakers (Realtek High Definition Audio)' : 2 channels at 48 kHz using 32 bits per sample (channel mask 0x3)
[2017.06.19-15.04.33:789][521]LogInit: FAudioDevice initialized.
[2017.06.19-15.04.33:818][521]LogLoad: Game class is 'FirstPersonGameMode_C'
[2017.06.19-15.04.33:822][521]LogWorld: Bringing World /Game/Levels/UEDPIE_0_LifeDemo.LifeDemo up for play (max tick rate 0) at 2017.06.19-16.04.33
[2017.06.19-15.04.33:822][521]LogWorld: Bringing up level for play took: 0.002673
[2017.06.19-15.04.33:823][521]PIE: Info Play in editor start time for /Game/Levels/UEDPIE_0_LifeDemo -0.337
[2017.06.19-15.09.55:985][253]Cmd: OBJ SAVEPACKAGE PACKAGE="/Game/Levels/LifeDemo" FILE="C:/Users/Tom/Documents/GitHub/Life/Life/Saved/Autosaves/Game/Levels/LifeDemo_Auto1.umap" SILENT=true AUTOSAVING=true KEEPDIRTY=false
[2017.06.19-15.09.56:130][253]LogSavePackage: Save=136.09ms
[2017.06.19-15.09.56:130][253]LogSavePackage: Moving 'C:/Users/Tom/Documents/GitHub/Life/Life/Saved/LifeDemo_Auto100F4A7E14D24A21B7B2FBC843C8D8ECA.tmp' to 'C:/Users/Tom/Documents/GitHub/Life/Life/Saved/Autosaves/Game/Levels/LifeDemo_Auto1.umap'
[2017.06.19-15.09.56:134][253]LogSavePackage:Display: Finished SavePackage C:/Users/Tom/Documents/GitHub/Life/Life/Saved/Autosaves/Game/Levels/LifeDemo_Auto1.umap
[2017.06.19-15.09.56:138][253]LogFileHelpers: Editor autosave (incl. sublevels) for '/Game/Levels/LifeDemo' took 0.198
[2017.06.19-15.09.56:138][253]LogFileHelpers: Editor autosave (incl. sublevels) for all levels took 0.198
[2017.06.19-15.31.09:292][722]LogEditorViewport: Clicking on Actor (LMB): StaticMeshActor (Cube7)
[2017.06.19-15.31.18:314][719]LogEditorViewport: Clicking on Actor (LMB): StaticMeshActor (Cube8)
[2017.06.19-15.31.38:527][ 90]LogEditorViewport: Clicking on Actor (LMB): StaticMeshActor (Cube51)
[2017.06.19-15.31.39:732][184]LogEditorViewport: Clicking on Actor (LMB): StaticMeshActor (Cube60)
[2017.06.19-15.32.06:894][140]LogEditorViewport: Clicking on Actor (LMB): BP_Sky_Sphere_C (Sky Sphere)
[2017.06.19-15.32.11:869][658]LogEditorViewport: Clicking on Actor (LMB): StaticMeshActor (Cylinder20)
[2017.06.19-15.32.47:736][527]LogEditorViewport: Clicking on Actor (LMB): StaticMeshActor (Cube24)
[2017.06.19-15.32.52:241][ 36]LogEditorViewport: Clicking on Actor (LMB): StaticMeshActor (Cylinder24)
[2017.06.19-15.32.52:624][ 65]Cmd: DELETE
[2017.06.19-15.32.52:624][ 65]Cmd: ACTOR DELETE
[2017.06.19-15.32.52:624][ 65]LogEditorActor: Deleted Actor: StaticMeshActor
[2017.06.19-15.32.52:638][ 65]LogEditorActor: Deleted 1 Actors (0.014 secs)
[2017.06.19-15.32.52:896][ 94]LogEditorViewport: Clicking on Actor (LMB): StaticMeshActor (Cylinder23)
[2017.06.19-15.32.53:054][108]Cmd: DELETE
[2017.06.19-15.32.53:054][108]Cmd: ACTOR DELETE
[2017.06.19-15.32.53:054][108]LogEditorActor: Deleted Actor: StaticMeshActor
[2017.06.19-15.32.53:065][108]LogEditorActor: Deleted 1 Actors (0.011 secs)
[2017.06.19-15.32.53:429][150]LogEditorViewport: Clicking on Actor (LMB): StaticMeshActor (Cylinder22)
[2017.06.19-15.32.57:869][648]Cmd: DELETE
[2017.06.19-15.32.57:869][648]Cmd: ACTOR DELETE
[2017.06.19-15.32.57:870][648]LogEditorActor: Deleted Actor: StaticMeshActor
[2017.06.19-15.32.57:880][648]LogEditorActor: Deleted 1 Actors (0.011 secs)
[2017.06.19-15.32.58:860][759]LogActorFactory: Actor Factory created Cylinder
[2017.06.19-15.32.59:245][803]LogActorFactory: Actor Factory created Cylinder
[2017.06.19-15.32.59:812][870]LogActorFactory: Actor Factory created Cylinder
[2017.06.19-15.33.02:193][ 96]LogEditorViewport: Clicking on Actor (LMB): StaticMeshActor (Cube24)
[2017.06.19-15.33.03:326][223]LogEditorViewport: Clicking on Actor (LMB): StaticMeshActor (Cylinder22)
[2017.06.19-15.33.29:263][216]LogEditorViewport: Clicking on Actor (LMB): StaticMeshActor (Cylinder23)
[2017.06.19-15.33.29:725][266]LogEditorViewport: Clicking on Actor (LMB): StaticMeshActor (Cylinder22)
[2017.06.19-15.33.41:676][607]LogEditorViewport: Clicking on Actor (LMB): BP_Sky_Sphere_C (Sky Sphere)
[2017.06.19-15.33.55:069][172]LogEditorViewport: Clicking on Actor (LMB): StaticMeshActor (Cylinder20)
[2017.06.19-15.34.03:504][987]LogEditorViewport: Clicking on Actor (LMB): BP_Sky_Sphere_C (Sky Sphere)
[2017.06.19-15.34.54:206][427]Cmd: OBJ SAVEPACKAGE PACKAGE="/Game/Levels/LifeDemo" FILE="C:/Users/Tom/Documents/GitHub/Life/Life/Saved/Autosaves/Game/Levels/LifeDemo_Auto2.umap" SILENT=true AUTOSAVING=true KEEPDIRTY=false
[2017.06.19-15.34.54:365][427]LogSavePackage: Save=150.13ms
[2017.06.19-15.34.54:365][427]LogSavePackage: Moving 'C:/Users/Tom/Documents/GitHub/Life/Life/Saved/LifeDemo_Auto2F6DBB9944AB9E4F129EF72A7C6EF2F8A.tmp' to 'C:/Users/Tom/Documents/GitHub/Life/Life/Saved/Autosaves/Game/Levels/LifeDemo_Auto2.umap'
[2017.06.19-15.34.54:367][427]LogSavePackage:Display: Finished SavePackage C:/Users/Tom/Documents/GitHub/Life/Life/Saved/Autosaves/Game/Levels/LifeDemo_Auto2.umap
[2017.06.19-15.34.54:369][427]LogFileHelpers: Editor autosave (incl. sublevels) for '/Game/Levels/LifeDemo' took 0.178
[2017.06.19-15.34.54:369][427]LogFileHelpers: Editor autosave (incl. sublevels) for all levels took 0.178
[2017.06.19-15.36.00:534][877]LogEditorViewport: Clicking on Actor (LMB): StaticMeshActor (Cube57)
[2017.06.19-15.36.16:113][614]LogEditorViewport: Clicking on Actor (LMB): StaticMeshActor (Cube)
[2017.06.19-15.36.32:134][324]LogEditorViewport: Clicking on Actor (LMB): StaticMeshActor (Cube88)
[2017.06.19-15.36.51:785][451]LogEditorViewport: Clicking on Actor (LMB): StaticMeshActor (Cube95)
[2017.06.19-15.36.53:409][637]LogEditorViewport: Clicking on Actor (LMB): StaticMeshActor (Cube94)
[2017.06.19-15.36.55:938][889]LogEditorViewport: Clicking on Actor (LMB): StaticMeshActor (Cube93)
[2017.06.19-15.37.08:407][302]LogEditorViewport: Clicking on Actor (LMB): BP_Sky_Sphere_C (Sky Sphere)
[2017.06.19-15.37.10:033][460]LogTemp: Repeting last play command: Selected Viewport
[2017.06.19-15.37.10:045][460]LogPlayLevel: PlayLevel: No blueprints needed recompiling
[2017.06.19-15.37.10:045][460]PIE: New page: PIE session: LifeDemo (19 Jun 2017 17:37:10)
[2017.06.19-15.37.10:045][460]LogPlayLevel: Creating play world package: /Game/Levels/UEDPIE_0_LifeDemo
[2017.06.19-15.37.10:053][460]LogPlayLevel: PIE: StaticDuplicateObject took: (0.007867s)
[2017.06.19-15.37.10:054][460]LogAIModule: Creating AISystem for world LifeDemo
[2017.06.19-15.37.10:054][460]LogPlayLevel: PIE: World Init took: (0.000810s)
[2017.06.19-15.37.10:054][460]LogPlayLevel: PIE: Created PIE world by copying editor world from /Game/Levels/LifeDemo.LifeDemo to /Game/Levels/UEDPIE_0_LifeDemo.LifeDemo (0.008997s)
[2017.06.19-15.37.10:081][460]LogInit: XAudio2 using 'Speakers (Realtek High Definition Audio)' : 2 channels at 48 kHz using 32 bits per sample (channel mask 0x3)
[2017.06.19-15.37.10:091][460]LogInit: FAudioDevice initialized.
[2017.06.19-15.37.10:119][460]LogLoad: Game class is 'FirstPersonGameMode_C'
[2017.06.19-15.37.10:123][460]LogWorld: Bringing World /Game/Levels/UEDPIE_0_LifeDemo.LifeDemo up for play (max tick rate 0) at 2017.06.19-16.37.10
[2017.06.19-15.37.10:123][460]LogWorld: Bringing up level for play took: 0.002787
[2017.06.19-15.37.10:124][460]PIE: Info Play in editor start time for /Game/Levels/UEDPIE_0_LifeDemo -0.036
[2017.06.19-15.37.13:261][816]LogEditorViewport: Clicking on Actor (LMB): BP_Sky_Sphere_C (Sky Sphere)
[2017.06.19-15.37.14:997][984]LogEditorViewport: Clicking on Actor (LMB): StaticMeshActor (Cube93)
[2017.06.19-15.37.16:794][142]LogEditorViewport: Clicking on Actor (LMB): StaticMeshActor (Cube86)
[2017.06.19-15.37.18:994][356]LogEditorViewport: Clicking on Actor (LMB): StaticMeshActor (Cube87)
[2017.06.19-15.37.22:915][740]LogEditorViewport: Clicking on Actor (LMB): StaticMeshActor (Cube88)
[2017.06.19-15.37.25:365][  5]LogEditorViewport: Clicking on Actor (LMB): BP_Sky_Sphere_C (Sky Sphere)
[2017.06.19-15.37.37:124][227]LogEditorViewport: Clicking on Actor (LMB): StaticMeshActor (Cube38)
[2017.06.19-15.37.37:809][302]LogEditorViewport: Clicking on Actor (CTRL LMB): StaticMeshActor (Cube39)
[2017.06.19-15.37.39:935][511]LogEditorViewport: Clicking on Actor (CTRL LMB): StaticMeshActor (Cube57)
[2017.06.19-15.37.40:453][539]LogEditorViewport: Clicking on Actor (CTRL LMB): StaticMeshActor (Cube56)
[2017.06.19-15.37.40:860][581]LogEditorViewport: Clicking on Actor (CTRL LMB): StaticMeshActor (Cube55)
[2017.06.19-15.37.41:468][648]LogEditorViewport: Clicking on Actor (CTRL LMB): StaticMeshActor (Cube54)
[2017.06.19-15.37.42:017][708]LogEditorViewport: Clicking on Actor (CTRL LMB): StaticMeshActor (Cube52)
[2017.06.19-15.37.43:449][825]LogEditorViewport: Clicking on Actor (CTRL LMB): StaticMeshActor (Cube53)
[2017.06.19-15.37.45:242][977]LogEditorViewport: Clicking on Actor (CTRL LMB): StaticMeshActor (Cube30)
[2017.06.19-15.37.47:250][146]LogEditorViewport: Clicking on Actor (CTRL LMB): StaticMeshActor (Cube32)
[2017.06.19-15.37.48:294][247]LogEditorViewport: Clicking on Actor (CTRL LMB): StaticMeshActor (Cube33)
[2017.06.19-15.37.49:938][409]LogEditorViewport: Clicking on Actor (CTRL LMB): StaticMeshActor (Cube34)
[2017.06.19-15.37.50:849][491]LogEditorViewport: Clicking on Actor (CTRL LMB): StaticMeshActor (Cube35)
[2017.06.19-15.37.52:498][645]LogEditorViewport: Clicking on Actor (CTRL LMB): StaticMeshActor (Cube36)
[2017.06.19-15.37.53:840][781]LogEditorViewport: Clicking on Actor (CTRL LMB): StaticMeshActor (Cube39)
[2017.06.19-15.37.54:227][820]LogEditorViewport: Clicking on Actor (CTRL LMB): StaticMeshActor (Cube40)
[2017.06.19-15.37.55:260][930]LogEditorViewport: Clicking on Actor (CTRL LMB): StaticMeshActor (Cube35)
[2017.06.19-15.37.56:099][ 24]LogEditorViewport: Clicking on Actor (CTRL LMB): StaticMeshActor (Cube41)
[2017.06.19-15.37.57:523][185]LogEditorViewport: Clicking on Actor (CTRL LMB): StaticMeshActor (Cube42)
[2017.06.19-15.37.58:011][236]LogEditorViewport: Clicking on Actor (CTRL LMB): StaticMeshActor (Cube43)
[2017.06.19-15.37.59:254][343]LogEditorViewport: Clicking on Actor (CTRL LMB): StaticMeshActor (Cube44)
[2017.06.19-15.37.59:660][373]LogEditorViewport: Clicking on Actor (CTRL LMB): StaticMeshActor (Cube45)
[2017.06.19-15.38.00:225][434]LogEditorViewport: Clicking on Actor (CTRL LMB): StaticMeshActor (Cube46)
[2017.06.19-15.38.01:458][538]LogEditorViewport: Clicking on Actor (CTRL LMB): StaticMeshActor (Cube47)
[2017.06.19-15.38.01:832][556]LogEditorViewport: Clicking on Actor (CTRL LMB): StaticMeshActor (Cube48)
[2017.06.19-15.38.02:375][614]LogEditorViewport: Clicking on Actor (CTRL LMB): StaticMeshActor (Cube49)
[2017.06.19-15.38.05:616][926]LogEditorViewport: Clicking on Actor (CTRL LMB): StaticMeshActor (Cylinder19)
[2017.06.19-15.38.06:856][ 43]LogEditorViewport: Clicking on Actor (CTRL LMB): StaticMeshActor (Cylinder18)
[2017.06.19-15.38.07:401][ 90]LogEditorViewport: Clicking on Actor (CTRL LMB): StaticMeshActor (Cylinder17)
[2017.06.19-15.38.08:141][171]LogEditorViewport: Clicking on Actor (CTRL LMB): StaticMeshActor (Cylinder16)
[2017.06.19-15.38.08:694][228]LogEditorViewport: Clicking on Actor (CTRL LMB): StaticMeshActor (Cylinder15)
[2017.06.19-15.38.09:376][304]LogEditorViewport: Clicking on Actor (CTRL LMB): StaticMeshActor (Cylinder14)
[2017.06.19-15.38.10:350][411]LogEditorViewport: Clicking on Actor (CTRL LMB): StaticMeshActor (Cylinder13)
[2017.06.19-15.38.11:058][486]LogEditorViewport: Clicking on Actor (CTRL LMB): StaticMeshActor (Cylinder12)
[2017.06.19-15.38.11:592][544]LogEditorViewport: Clicking on Actor (CTRL LMB): StaticMeshActor (Cylinder11)
[2017.06.19-15.38.12:800][678]LogEditorViewport: Clicking on Actor (CTRL LMB): StaticMeshActor (Cylinder10)
[2017.06.19-15.38.13:610][768]LogEditorViewport: Clicking on Actor (CTRL LMB): StaticMeshActor (Cylinder9)
[2017.06.19-15.38.14:103][817]LogEditorViewport: Clicking on Actor (CTRL LMB): StaticMeshActor (Cylinder8)
[2017.06.19-15.38.15:907][ 25]LogEditorViewport: Clicking on Actor (CTRL LMB): StaticMeshActor (Cylinder7)
[2017.06.19-15.38.16:899][134]LogEditorViewport: Clicking on Actor (CTRL LMB): StaticMeshActor (Cylinder6)
[2017.06.19-15.38.18:983][330]LogEditorViewport: Clicking on Actor (CTRL LMB): StaticMeshActor (Cylinder5)
[2017.06.19-15.38.19:699][402]LogEditorViewport: Clicking on Actor (CTRL LMB): StaticMeshActor (Cylinder4)
[2017.06.19-15.38.20:322][470]LogEditorViewport: Clicking on Actor (CTRL LMB): StaticMeshActor (Cylinder3)
[2017.06.19-15.38.21:069][552]LogEditorViewport: Clicking on Actor (CTRL LMB): StaticMeshActor (Cylinder2)
[2017.06.19-15.38.21:680][617]LogEditorViewport: Clicking on Actor (CTRL LMB): StaticMeshActor (Cylinder)
[2017.06.19-15.38.38:241][179]Cmd: MODE ROTGRID=0
[2017.06.19-15.38.45:372][893]LogTemp: Repeting last play command: Selected Viewport
[2017.06.19-15.38.45:385][893]LogPlayLevel: PlayLevel: No blueprints needed recompiling
[2017.06.19-15.38.45:385][893]PIE: New page: PIE session: LifeDemo (19 Jun 2017 17:38:45)
[2017.06.19-15.38.45:385][893]LogPlayLevel: Creating play world package: /Game/Levels/UEDPIE_0_LifeDemo
[2017.06.19-15.38.45:393][893]LogPlayLevel: PIE: StaticDuplicateObject took: (0.008781s)
[2017.06.19-15.38.45:394][893]LogAIModule: Creating AISystem for world LifeDemo
[2017.06.19-15.38.45:394][893]LogPlayLevel: PIE: World Init took: (0.000777s)
[2017.06.19-15.38.45:395][893]LogPlayLevel: PIE: Created PIE world by copying editor world from /Game/Levels/LifeDemo.LifeDemo to /Game/Levels/UEDPIE_0_LifeDemo.LifeDemo (0.009839s)
[2017.06.19-15.38.45:421][893]LogInit: XAudio2 using 'Speakers (Realtek High Definition Audio)' : 2 channels at 48 kHz using 32 bits per sample (channel mask 0x3)
[2017.06.19-15.38.45:429][893]LogInit: FAudioDevice initialized.
[2017.06.19-15.38.45:460][893]LogLoad: Game class is 'FirstPersonGameMode_C'
[2017.06.19-15.38.45:465][893]LogWorld: Bringing World /Game/Levels/UEDPIE_0_LifeDemo.LifeDemo up for play (max tick rate 0) at 2017.06.19-16.38.45
[2017.06.19-15.38.45:465][893]LogWorld: Bringing up level for play took: 0.004222
[2017.06.19-15.38.45:466][893]PIE: Info Play in editor start time for /Game/Levels/UEDPIE_0_LifeDemo -0.693
[2017.06.19-15.38.57:010][134]LogEditorViewport: Clicking on Actor (LMB): StaticMeshActor (Cube70)
[2017.06.19-15.39.25:473][225]LogEditorViewport: Clicking on Actor (LMB): BP_Sky_Sphere_C (Sky Sphere)
[2017.06.19-15.39.32:194][972]LogEditorViewport: Clicking on Actor (LMB): BP_Sky_Sphere_C (Sky Sphere)
[2017.06.19-15.39.34:957][236]LogTemp: Repeting last play command: Selected Viewport
[2017.06.19-15.39.34:971][236]LogPlayLevel: PlayLevel: No blueprints needed recompiling
[2017.06.19-15.39.34:971][236]PIE: New page: PIE session: LifeDemo (19 Jun 2017 17:39:34)
[2017.06.19-15.39.34:971][236]LogPlayLevel: Creating play world package: /Game/Levels/UEDPIE_0_LifeDemo
[2017.06.19-15.39.34:982][236]LogPlayLevel: PIE: StaticDuplicateObject took: (0.010331s)
[2017.06.19-15.39.34:983][236]LogAIModule: Creating AISystem for world LifeDemo
[2017.06.19-15.39.34:983][236]LogPlayLevel: PIE: World Init took: (0.000985s)
[2017.06.19-15.39.34:983][236]LogPlayLevel: PIE: Created PIE world by copying editor world from /Game/Levels/LifeDemo.LifeDemo to /Game/Levels/UEDPIE_0_LifeDemo.LifeDemo (0.011674s)
[2017.06.19-15.39.35:008][236]LogInit: XAudio2 using 'Speakers (Realtek High Definition Audio)' : 2 channels at 48 kHz using 32 bits per sample (channel mask 0x3)
[2017.06.19-15.39.35:017][236]LogInit: FAudioDevice initialized.
[2017.06.19-15.39.35:045][236]LogLoad: Game class is 'FirstPersonGameMode_C'
[2017.06.19-15.39.35:050][236]LogWorld: Bringing World /Game/Levels/UEDPIE_0_LifeDemo.LifeDemo up for play (max tick rate 0) at 2017.06.19-16.39.35
[2017.06.19-15.39.35:050][236]LogWorld: Bringing up level for play took: 0.004311
[2017.06.19-15.39.35:051][236]PIE: Info Play in editor start time for /Game/Levels/UEDPIE_0_LifeDemo 0.891
[2017.06.19-15.39.39:987][748]LogEditorViewport: Clicking on Actor (LMB): StaticMeshActor (Cube97)
[2017.06.19-15.39.49:189][690]LogTemp: Repeting last play command: Selected Viewport
[2017.06.19-15.39.49:200][690]LogPlayLevel: PlayLevel: No blueprints needed recompiling
[2017.06.19-15.39.49:200][690]PIE: New page: PIE session: LifeDemo (19 Jun 2017 17:39:49)
[2017.06.19-15.39.49:200][690]LogPlayLevel: Creating play world package: /Game/Levels/UEDPIE_0_LifeDemo
[2017.06.19-15.39.49:208][690]LogPlayLevel: PIE: StaticDuplicateObject took: (0.008168s)
[2017.06.19-15.39.49:209][690]LogAIModule: Creating AISystem for world LifeDemo
[2017.06.19-15.39.49:209][690]LogPlayLevel: PIE: World Init took: (0.000687s)
[2017.06.19-15.39.49:209][690]LogPlayLevel: PIE: Created PIE world by copying editor world from /Game/Levels/LifeDemo.LifeDemo to /Game/Levels/UEDPIE_0_LifeDemo.LifeDemo (0.009112s)
[2017.06.19-15.39.49:235][690]LogInit: XAudio2 using 'Speakers (Realtek High Definition Audio)' : 2 channels at 48 kHz using 32 bits per sample (channel mask 0x3)
[2017.06.19-15.39.49:242][690]LogInit: FAudioDevice initialized.
[2017.06.19-15.39.49:270][690]LogLoad: Game class is 'FirstPersonGameMode_C'
[2017.06.19-15.39.49:274][690]LogWorld: Bringing World /Game/Levels/UEDPIE_0_LifeDemo.LifeDemo up for play (max tick rate 0) at 2017.06.19-16.39.49
[2017.06.19-15.39.49:275][690]LogWorld: Bringing up level for play took: 0.003410
[2017.06.19-15.39.49:276][690]PIE: Info Play in editor start time for /Game/Levels/UEDPIE_0_LifeDemo -0.884
[2017.06.19-15.40.21:671][423]LogEditorViewport: Clicking on Actor (LMB): BP_Sky_Sphere_C (Sky Sphere)
[2017.06.19-15.41.19:051][917]LogEditorViewport: Clicking on Actor (LMB): StaticMeshActor (Cube81)
[2017.06.19-15.41.26:857][739]LogEditorViewport: Clicking on Actor (LMB): BP_Sky_Sphere_C (Sky Sphere)
[2017.06.19-15.41.29:828][989]LogEditorViewport: Clicking on Actor (LMB): StaticMeshActor (Cylinder24)
[2017.06.19-15.41.39:734][ 37]LogEditorViewport: Clicking on Actor (LMB): StaticMeshActor (Cube63)
[2017.06.19-15.42.16:943][146]LogEditorViewport: Clicking on Actor (LMB): StaticMeshActor (Cube131)
[2017.06.19-15.42.20:620][564]LogEditorViewport: Clicking on Actor (LMB): BP_Sky_Sphere_C (Sky Sphere)
[2017.06.19-15.42.22:969][785]LogEditorViewport: Clicking on Actor (LMB): StaticMeshActor (Cylinder44)
[2017.06.19-15.42.44:851][123]LogEditorViewport: Clicking on Actor (LMB): StaticMeshActor (Cylinder46)
[2017.06.19-15.42.46:256][279]LogEditorViewport: Clicking on Actor (LMB): StaticMeshActor (Cylinder48)
[2017.06.19-15.42.47:953][470]LogEditorViewport: Clicking on Actor (LMB): StaticMeshActor (Cylinder45)
[2017.06.19-15.42.51:409][866]LogEditorViewport: Clicking on Actor (LMB): StaticMeshActor (Cylinder44)
[2017.06.19-15.42.53:969][154]LogEditorViewport: Clicking on Actor (LMB): StaticMeshActor (Cylinder47)
[2017.06.19-15.42.55:546][330]LogEditorViewport: Clicking on Actor (LMB): StaticMeshActor (Cylinder58)
[2017.06.19-15.42.57:378][536]LogEditorViewport: Clicking on Actor (LMB): StaticMeshActor (Cylinder49)
[2017.06.19-15.42.58:788][692]LogEditorViewport: Clicking on Actor (LMB): StaticMeshActor (Cylinder56)
[2017.06.19-15.43.01:772][ 32]LogEditorViewport: Clicking on Actor (LMB): StaticMeshActor (Cylinder57)
[2017.06.19-15.43.04:687][363]LogEditorViewport: Clicking on Actor (LMB): StaticMeshActor (Cylinder55)
[2017.06.19-15.43.07:113][636]LogEditorViewport: Clicking on Actor (LMB): StaticMeshActor (Cylinder50)
[2017.06.19-15.43.10:656][999]LogEditorViewport: Clicking on Actor (LMB): StaticMeshActor (Cylinder53)
[2017.06.19-15.43.12:894][221]LogEditorViewport: Clicking on Actor (LMB): StaticMeshActor (Cylinder52)
[2017.06.19-15.43.15:200][479]LogEditorViewport: Clicking on Actor (LMB): StaticMeshActor (Cylinder54)
[2017.06.19-15.43.20:333][ 21]LogEditorViewport: Clicking on Actor (LMB): BP_Sky_Sphere_C (Sky Sphere)
[2017.06.19-15.43.26:159][581]LogEditorViewport: Clicking on Actor (LMB): StaticMeshActor (Cube24)
[2017.06.19-15.43.47:982][667]LogEditorViewport: Clicking on Actor (LMB): BP_Sky_Sphere_C (Sky Sphere)
[2017.06.19-15.43.49:601][799]LogEditorViewport: Clicking on Actor (LMB): StaticMeshActor (Cube140)
[2017.06.19-15.43.51:827][ 37]LogEditorViewport: Clicking on Actor (LMB): BP_Sky_Sphere_C (Sky Sphere)
[2017.06.19-15.43.54:385][257]LogTemp: Repeting last play command: Selected Viewport
[2017.06.19-15.43.54:397][257]LogPlayLevel: PlayLevel: No blueprints needed recompiling
[2017.06.19-15.43.54:397][257]PIE: New page: PIE session: LifeDemo (19 Jun 2017 17:43:54)
[2017.06.19-15.43.54:397][257]LogPlayLevel: Creating play world package: /Game/Levels/UEDPIE_0_LifeDemo
[2017.06.19-15.43.54:407][257]LogPlayLevel: PIE: StaticDuplicateObject took: (0.009886s)
[2017.06.19-15.43.54:408][257]LogAIModule: Creating AISystem for world LifeDemo
[2017.06.19-15.43.54:408][257]LogPlayLevel: PIE: World Init took: (0.000828s)
[2017.06.19-15.43.54:408][257]LogPlayLevel: PIE: Created PIE world by copying editor world from /Game/Levels/LifeDemo.LifeDemo to /Game/Levels/UEDPIE_0_LifeDemo.LifeDemo (0.010989s)
[2017.06.19-15.43.54:437][257]LogInit: XAudio2 using 'Speakers (Realtek High Definition Audio)' : 2 channels at 48 kHz using 32 bits per sample (channel mask 0x3)
[2017.06.19-15.43.54:447][257]LogInit: FAudioDevice initialized.
[2017.06.19-15.43.54:481][257]LogLoad: Game class is 'FirstPersonGameMode_C'
[2017.06.19-15.43.54:507][257]LogWorld: Bringing World /Game/Levels/UEDPIE_0_LifeDemo.LifeDemo up for play (max tick rate 0) at 2017.06.19-16.43.54
[2017.06.19-15.43.54:507][257]LogWorld: Bringing up level for play took: 0.024990
[2017.06.19-15.43.54:508][257]PIE: Info Play in editor start time for /Game/Levels/UEDPIE_0_LifeDemo 0.348
[2017.06.19-15.45.51:702][554]Cmd: OBJ SAVEPACKAGE PACKAGE="/Game/Levels/LifeDemo" FILE="C:/Users/Tom/Documents/GitHub/Life/Life/Saved/Autosaves/Game/Levels/LifeDemo_Auto3.umap" SILENT=true AUTOSAVING=true KEEPDIRTY=false
[2017.06.19-15.45.51:921][554]LogSavePackage: Save=212.07ms
[2017.06.19-15.45.51:921][554]LogSavePackage: Moving 'C:/Users/Tom/Documents/GitHub/Life/Life/Saved/LifeDemo_Auto325A8F2AF4BBAEBBF514AFD993840DE36.tmp' to 'C:/Users/Tom/Documents/GitHub/Life/Life/Saved/Autosaves/Game/Levels/LifeDemo_Auto3.umap'
[2017.06.19-15.45.51:924][554]LogSavePackage:Display: Finished SavePackage C:/Users/Tom/Documents/GitHub/Life/Life/Saved/Autosaves/Game/Levels/LifeDemo_Auto3.umap
[2017.06.19-15.45.51:926][554]LogFileHelpers: Editor autosave (incl. sublevels) for '/Game/Levels/LifeDemo' took 0.238
[2017.06.19-15.45.51:926][554]LogFileHelpers: Editor autosave (incl. sublevels) for all levels took 0.238
[2017.06.19-15.57.08:884][269]Cmd: OBJ SAVEPACKAGE PACKAGE="/Game/Levels/LifeDemo" FILE="C:/Users/Tom/Documents/GitHub/Life/Life/Content/Levels/LifeDemo.umap" SILENT=true AUTOSAVING=false KEEPDIRTY=false
[2017.06.19-15.57.09:123][269]LogSavePackage: Save=214.63ms
[2017.06.19-15.57.09:123][269]LogSavePackage: Moving 'C:/Users/Tom/Documents/GitHub/Life/Life/Saved/LifeDemo3C81447646DD855950D41CAF276FD8C6.tmp' to 'C:/Users/Tom/Documents/GitHub/Life/Life/Content/Levels/LifeDemo.umap'
[2017.06.19-15.57.09:128][269]LogSavePackage:Display: Finished SavePackage C:/Users/Tom/Documents/GitHub/Life/Life/Content/Levels/LifeDemo.umap
[2017.06.19-15.57.10:678][392]Cmd: QUIT_EDITOR
[2017.06.19-15.57.11:173][392]LogWindowsTextInputMethodSystem:Display: IME system now deactivated.
[2017.06.19-15.57.11:201][392]LogExit: Preparing to exit.
[2017.06.19-15.57.12:739][392]LogExit: Editor shut down
[2017.06.19-15.57.12:746][392]LogExit: Transaction tracking system shut down
[2017.06.19-15.57.13:774][392]LogObj: Freed 0b from 0 cluster array pools.
[2017.06.19-15.57.13:774][392]LogExit: Object subsystem successfully closed.
[2017.06.19-15.57.13:915][392]LogD3D11RHI: Shutdown
[2017.06.19-15.57.13:915][392]LogD3D11RHI: CleanupD3DDevice
[2017.06.19-15.57.14:050][392]LogD3D11RHI: ~FD3D11DynamicRHI
[2017.06.19-15.57.14:651][392]LogModuleManager: Shutting down and abandoning module SequencerWidgets (532)
[2017.06.19-15.57.14:651][392]LogModuleManager: Shutting down and abandoning module MovieSceneCapture (530)
[2017.06.19-15.57.14:651][392]LogModuleManager: Shutting down and abandoning module BlueprintGraph (528)
[2017.06.19-15.57.14:651][392]LogModuleManager: Shutting down and abandoning module BlueprintProfiler (526)
[2017.06.19-15.57.14:702][392]LogModuleManager: Shutting down and abandoning module HierarchicalLODOutliner (524)
[2017.06.19-15.57.14:702][392]LogModuleManager: Shutting down and abandoning module CrashTracker (522)
[2017.06.19-15.57.14:702][392]LogModuleManager: Shutting down and abandoning module SceneOutliner (520)
[2017.06.19-15.57.14:702][392]LogModuleManager: Shutting down and abandoning module AddContentDialog (518)
[2017.06.19-15.57.14:713][392]LogDirectoryWatcher: A directory notification for 'E:/Epic Games/UE_4.16/FeaturePacks/' was aborted.
[2017.06.19-15.57.14:722][392]LogModuleManager: Shutting down and abandoning module WidgetCarousel (517)
[2017.06.19-15.57.14:722][392]LogModuleManager: Shutting down and abandoning module EditorWidgets (514)
[2017.06.19-15.57.14:722][392]LogModuleManager: Shutting down and abandoning module CollectionManager (512)
[2017.06.19-15.57.14:722][392]LogDirectoryWatcher: A directory notification for 'C:/Users/Tom/Documents/GitHub/Life/Life/Content/Collections/' was aborted.
[2017.06.19-15.57.14:722][392]LogDirectoryWatcher: A directory notification for 'C:/Users/Tom/Documents/GitHub/Life/Life/Content/Developers/Tom/Collections/' was aborted.
[2017.06.19-15.57.14:722][392]LogDirectoryWatcher: A directory notification for 'C:/Users/Tom/Documents/GitHub/Life/Life/Saved/Collections/' was aborted.
[2017.06.19-15.57.14:722][392]LogModuleManager: Shutting down and abandoning module StatsViewer (510)
[2017.06.19-15.57.14:723][392]LogModuleManager: Shutting down and abandoning module FoliageEdit (508)
[2017.06.19-15.57.14:723][392]LogModuleManager: Shutting down and abandoning module LandscapeEditor (506)
[2017.06.19-15.57.14:743][392]LogModuleManager: Shutting down and abandoning module MeshPaintMode (504)
[2017.06.19-15.57.14:743][392]LogModuleManager: Shutting down and abandoning module SceneDepthPickerMode (502)
[2017.06.19-15.57.14:743][392]LogModuleManager: Shutting down and abandoning module ActorPickerMode (500)
[2017.06.19-15.57.14:743][392]LogModuleManager: Shutting down and abandoning module GeometryMode (498)
[2017.06.19-15.57.14:743][392]LogModuleManager: Shutting down and abandoning module TextureAlignMode (496)
[2017.06.19-15.57.14:743][392]LogModuleManager: Shutting down and abandoning module BspMode (494)
[2017.06.19-15.57.14:759][392]LogModuleManager: Shutting down and abandoning module HardwareSurvey (492)
[2017.06.19-15.57.14:759][392]LogModuleManager: Shutting down and abandoning module SequenceRecorderSections (490)
[2017.06.19-15.57.14:759][392]LogModuleManager: Shutting down and abandoning module AutomationWorker (488)
[2017.06.19-15.57.14:762][392]LogModuleManager: Shutting down and abandoning module MatineeToLevelSequence (486)
[2017.06.19-15.57.14:769][392]LogModuleManager: Shutting down and abandoning module LevelSequenceEditor (484)
[2017.06.19-15.57.14:769][392]LogModuleManager: Shutting down and abandoning module PlacementMode (483)
[2017.06.19-15.57.14:769][392]LogModuleManager: Shutting down and abandoning module WmfMediaFactory (480)
[2017.06.19-15.57.14:769][392]LogModuleManager: Shutting down and abandoning module WmfMediaEditor (478)
[2017.06.19-15.57.14:769][392]LogModuleManager: Shutting down and abandoning module AvfMediaFactory (476)
[2017.06.19-15.57.14:769][392]LogModuleManager: Shutting down and abandoning module AvfMediaEditor (474)
[2017.06.19-15.57.14:769][392]LogModuleManager: Shutting down and abandoning module AndroidMediaFactory (472)
[2017.06.19-15.57.14:769][392]LogModuleManager: Shutting down and abandoning module Media (471)
[2017.06.19-15.57.14:769][392]LogModuleManager: Shutting down and abandoning module AndroidMediaEditor (468)
[2017.06.19-15.57.14:769][392]LogModuleManager: Shutting down and abandoning module CharacterAI (466)
[2017.06.19-15.57.14:769][392]LogModuleManager: Shutting down and abandoning module AudioCapture (464)
[2017.06.19-15.57.14:778][392]LogModuleManager: Shutting down and abandoning module SequenceRecorder (463)
[2017.06.19-15.57.14:790][392]LogModuleManager: Shutting down and abandoning module SmartSnapping (460)
[2017.06.19-15.57.14:790][392]LogModuleManager: Shutting down and abandoning module SessionServices (458)
[2017.06.19-15.57.14:790][392]LogModuleManager: Shutting down and abandoning module ViewportSnapping (456)
[2017.06.19-15.57.14:790][392]LogModuleManager: Shutting down and abandoning module ViewportInteraction (454)
[2017.06.19-15.57.14:790][392]LogModuleManager: Shutting down and abandoning module ClothPainter (452)
[2017.06.19-15.57.14:812][392]LogModuleManager: Shutting down and abandoning module LogVisualizer (450)
[2017.06.19-15.57.14:813][392]LogModuleManager: Shutting down and abandoning module IntroTutorials (448)
[2017.06.19-15.57.14:846][392]LogModuleManager: Shutting down and abandoning module GameProjectGeneration (447)
[2017.06.19-15.57.14:855][392]LogModuleManager: Shutting down and abandoning module EditorLiveStreaming (444)
[2017.06.19-15.57.14:855][392]LogModuleManager: Shutting down and abandoning module IOSPlatformEditor (442)
[2017.06.19-15.57.14:867][392]LogModuleManager: Shutting down and abandoning module HTML5PlatformEditor (440)
[2017.06.19-15.57.14:867][392]LogModuleManager: Shutting down and abandoning module AndroidPlatformEditor (438)
[2017.06.19-15.57.14:867][392]LogModuleManager: Shutting down and abandoning module AndroidDeviceDetection (437)
[2017.06.19-15.57.15:306][392]LogModuleManager: Shutting down and abandoning module IOSRuntimeSettings (434)
[2017.06.19-15.57.15:306][392]LogModuleManager: Shutting down and abandoning module AndroidRuntimeSettings (432)
[2017.06.19-15.57.15:306][392]LogModuleManager: Shutting down and abandoning module InputBindingEditor (430)
[2017.06.19-15.57.15:306][392]LogModuleManager: Shutting down and abandoning module MergeActors (428)
[2017.06.19-15.57.15:306][392]LogModuleManager: Shutting down and abandoning module SizeMap (426)
[2017.06.19-15.57.15:306][392]LogModuleManager: Shutting down and abandoning module TreeMap (424)
[2017.06.19-15.57.15:307][392]LogModuleManager: Shutting down and abandoning module ReferenceViewer (422)
[2017.06.19-15.57.15:307][392]LogModuleManager: Shutting down and abandoning module LocalizationDashboard (420)
[2017.06.19-15.57.15:313][392]LogModuleManager: Shutting down and abandoning module LocalizationService (419)
[2017.06.19-15.57.15:324][392]LogModuleManager: Shutting down and abandoning module HardwareTargeting (416)
[2017.06.19-15.57.15:324][392]LogModuleManager: Shutting down and abandoning module DeviceProfileEditor (414)
[2017.06.19-15.57.15:330][392]LogModuleManager: Shutting down and abandoning module UndoHistory (412)
[2017.06.19-15.57.15:331][392]LogModuleManager: Shutting down and abandoning module UserFeedback (410)
[2017.06.19-15.57.15:331][392]LogModuleManager: Shutting down and abandoning module XmlParser (408)
[2017.06.19-15.57.15:331][392]LogModuleManager: Shutting down and abandoning module Blutility (406)
[2017.06.19-15.57.15:345][392]LogModuleManager: Shutting down and abandoning module ProjectSettingsViewer (404)
[2017.06.19-15.57.15:346][392]LogModuleManager: Shutting down and abandoning module ProjectTargetPlatformEditor (403)
[2017.06.19-15.57.15:346][392]LogModuleManager: Shutting down and abandoning module EditorSettingsViewer (400)
[2017.06.19-15.57.15:346][392]LogModuleManager: Shutting down and abandoning module SettingsEditor (398)
[2017.06.19-15.57.15:346][392]LogModuleManager: Shutting down and abandoning module ProjectLauncher (396)
[2017.06.19-15.57.15:370][392]LogModuleManager: Shutting down and abandoning module SessionFrontend (394)
[2017.06.19-15.57.15:373][392]LogModuleManager: Shutting down and abandoning module ProfilerClient (392)
[2017.06.19-15.57.15:400][392]LogModuleManager: Shutting down and abandoning module DeviceManager (390)
[2017.06.19-15.57.15:423][392]LogModuleManager: Shutting down and abandoning module TargetDeviceServices (389)
[2017.06.19-15.57.15:481][392]LogModuleManager: Shutting down and abandoning module AutomationController (386)
[2017.06.19-15.57.15:486][392]LogModuleManager: Shutting down and abandoning module AutomationWindow (384)
[2017.06.19-15.57.15:495][392]LogModuleManager: Shutting down and abandoning module Layers (382)
[2017.06.19-15.57.15:505][392]LogModuleManager: Shutting down and abandoning module ComponentVisualizers (380)
[2017.06.19-15.57.15:505][392]LogModuleManager: Shutting down and abandoning module DetailCustomizations (378)
[2017.06.19-15.57.15:510][392]LogModuleManager: Shutting down and abandoning module PackagesDialog (376)
[2017.06.19-15.57.15:510][392]LogModuleManager: Shutting down and abandoning module Persona (374)
[2017.06.19-15.57.15:541][392]LogModuleManager: Shutting down and abandoning module AdvancedPreviewScene (373)
[2017.06.19-15.57.15:541][392]LogModuleManager: Shutting down and abandoning module AnimGraph (371)
[2017.06.19-15.57.15:541][392]LogModuleManager: Shutting down and abandoning module Kismet (368)
[2017.06.19-15.57.15:547][392]LogModuleManager: Shutting down and abandoning module ClassViewer (366)
[2017.06.19-15.57.15:547][392]LogModuleManager: Shutting down and abandoning module Toolbox (364)
[2017.06.19-15.57.15:547][392]LogModuleManager: Shutting down and abandoning module ModuleUI (362)
[2017.06.19-15.57.15:573][392]LogModuleManager: Shutting down and abandoning module MovieSceneTools (360)
[2017.06.19-15.57.15:579][392]LogModuleManager: Shutting down and abandoning module OutputLog (358)
[2017.06.19-15.57.15:600][392]LogModuleManager: Shutting down and abandoning module GammaUI (356)
[2017.06.19-15.57.15:621][392]LogModuleManager: Shutting down and abandoning module Documentation (354)
[2017.06.19-15.57.15:621][392]LogModuleManager: Shutting down and abandoning module MovieSceneTracks (352)
[2017.06.19-15.57.15:621][392]LogModuleManager: Shutting down and abandoning module MovieScene (350)
[2017.06.19-15.57.15:621][392]LogModuleManager: Shutting down and abandoning module Niagara (348)
[2017.06.19-15.57.15:621][392]LogModuleManager: Shutting down and abandoning module NiagaraEditor (347)
[2017.06.19-15.57.15:645][392]LogModuleManager: Shutting down and abandoning module StreamingPauseRendering (344)
[2017.06.19-15.57.15:645][392]LogModuleManager: Shutting down and abandoning module AnalyticsET (342)
[2017.06.19-15.57.15:645][392]LogModuleManager: Shutting down and abandoning module PortalServices (340)
[2017.06.19-15.57.15:645][392]LogModuleManager: Shutting down and abandoning module PortalRpc (338)
[2017.06.19-15.57.15:645][392]LogModuleManager: Shutting down and abandoning module MessagingRpc (336)
[2017.06.19-15.57.15:645][392]LogModuleManager: Shutting down and abandoning module AIModule (334)
[2017.06.19-15.57.15:645][392]LogModuleManager: Shutting down and abandoning module GameplayDebugger (333)
[2017.06.19-15.57.15:645][392]LogModuleManager: Shutting down and abandoning module AITestSuite (331)
[2017.06.19-15.57.15:657][392]LogModuleManager: Shutting down and abandoning module ProfilerService (328)
[2017.06.19-15.57.15:688][392]LogModuleManager: Shutting down and abandoning module TaskGraph (326)
[2017.06.19-15.57.15:711][392]LogModuleManager: Shutting down and abandoning module SteamVRController (324)
[2017.06.19-15.57.15:711][392]LogModuleManager: Shutting down and abandoning module SteamVR (322)
[2017.06.19-15.57.15:711][392]LogModuleManager: Shutting down and abandoning module ProceduralMeshComponentEditor (320)
[2017.06.19-15.57.15:711][392]LogModuleManager: Shutting down and abandoning module ProceduralMeshComponent (318)
[2017.06.19-15.57.15:723][392]LogModuleManager: Shutting down and abandoning module OculusLibrary (316)
[2017.06.19-15.57.15:723][392]LogModuleManager: Shutting down and abandoning module OculusInput (314)
[2017.06.19-15.57.15:723][392]LogModuleManager: Shutting down and abandoning module MobilePatchingUtils (312)
[2017.06.19-15.57.15:723][392]LogModuleManager: Shutting down and abandoning module CustomMeshComponent (310)
[2017.06.19-15.57.15:723][392]LogModuleManager: Shutting down and abandoning module CableComponent (308)
[2017.06.19-15.57.15:723][392]LogModuleManager: Shutting down and abandoning module ArchVisCharacter (306)
[2017.06.19-15.57.15:723][392]LogModuleManager: Shutting down and abandoning module AndroidPermission (304)
[2017.06.19-15.57.15:723][392]LogModuleManager: Shutting down and abandoning module MediaPlayerEditor (300)
[2017.06.19-15.57.15:736][392]LogModuleManager: Shutting down and abandoning module HTML5Networking (298)
[2017.06.19-15.57.15:736][392]LogModuleManager: Shutting down and abandoning module AlembicImporter (296)
[2017.06.19-15.57.15:749][392]LogModuleManager: Shutting down and abandoning module AlembicLibrary (295)
[2017.06.19-15.57.15:749][392]LogModuleManager: Shutting down and abandoning module GeometryCache (294)
[2017.06.19-15.57.15:749][392]LogModuleManager: Shutting down and abandoning module GeometryCacheEd (293)
[2017.06.19-15.57.15:749][392]LogModuleManager: Shutting down and abandoning module SuperSearchEditor (288)
[2017.06.19-15.57.15:749][392]LogModuleManager: Shutting down and abandoning module SuperSearch (287)
[2017.06.19-15.57.15:749][392]LogModuleManager: Shutting down and abandoning module SpeedTreeImporter (284)
[2017.06.19-15.57.15:749][392]LogModuleManager: Shutting down and abandoning module PluginBrowser (282)
[2017.06.19-15.57.15:763][392]LogModuleManager: Shutting down and abandoning module MobileLauncherProfileWizard (280)
[2017.06.19-15.57.15:791][392]LogModuleManager: Shutting down and abandoning module VisualStudioSourceCodeAccess (278)
[2017.06.19-15.57.15:791][392]LogModuleManager: Shutting down and abandoning module DesktopPlatform (277)
[2017.06.19-15.57.15:791][392]LogModuleManager: Shutting down and abandoning module UObjectPlugin (274)
[2017.06.19-15.57.15:791][392]LogModuleManager: Shutting down and abandoning module SubversionSourceControl (272)
[2017.06.19-15.57.15:817][392]LogModuleManager: Shutting down and abandoning module PerforceSourceControl (270)
[2017.06.19-15.57.15:838][392]LogModuleManager: Shutting down and abandoning module GitSourceControl (268)
[2017.06.19-15.57.15:859][392]LogModuleManager: Shutting down and abandoning module SourceControl (267)
[2017.06.19-15.57.15:866][392]LogModuleManager: Shutting down and abandoning module LightPropagationVolumeEditor (264)
[2017.06.19-15.57.15:866][392]LogModuleManager: Shutting down and abandoning module PaperTiledImporter (262)
[2017.06.19-15.57.15:866][392]LogModuleManager: Shutting down and abandoning module PaperSpriteSheetImporter (260)
[2017.06.19-15.57.15:866][392]LogModuleManager: Shutting down and abandoning module Paper2DEditor (258)
[2017.06.19-15.57.15:871][392]LogModuleManager: Shutting down and abandoning module MeshPaint (257)
[2017.06.19-15.57.15:880][392]LogModuleManager: Shutting down and abandoning module LevelEditor (255)
[2017.06.19-15.57.15:888][392]LogModuleManager: Shutting down and abandoning module PixelInspectorModule (254)
[2017.06.19-15.57.15:900][392]LogModuleManager: Shutting down and abandoning module MainFrame (252)
[2017.06.19-15.57.15:911][392]LogModuleManager: Shutting down and abandoning module HotReload (251)
[2017.06.19-15.57.15:922][392]LogModuleManager: Shutting down and abandoning module PhysXVehiclesEditor (246)
[2017.06.19-15.57.15:929][392]LogModuleManager: Shutting down and abandoning module PhysXVehicles (244)
[2017.06.19-15.57.15:929][392]LogModuleManager: Shutting down and abandoning module LocationServicesBPLibrary (242)
[2017.06.19-15.57.15:929][392]LogModuleManager: Shutting down and abandoning module ImmediatePhysicsEditor (240)
[2017.06.19-15.57.15:929][392]LogModuleManager: Shutting down and abandoning module ImmediatePhysics (238)
[2017.06.19-15.57.15:938][392]LogModuleManager: Shutting down and abandoning module UdpMessaging (236)
[2017.06.19-15.57.16:039][392]LogModuleManager: Shutting down and abandoning module TcpMessaging (234)
[2017.06.19-15.57.16:144][392]LogModuleManager: Shutting down and abandoning module GameplayTagsEditor (232)
[2017.06.19-15.57.16:166][392]LogModuleManager: Shutting down and abandoning module FacialAnimationEditor (230)
[2017.06.19-15.57.16:166][392]LogModuleManager: Shutting down and abandoning module FacialAnimation (228)
[2017.06.19-15.57.16:166][392]LogModuleManager: Shutting down and abandoning module AssetManagerEditor (226)
[2017.06.19-15.57.16:196][392]LogModuleManager: Shutting down and abandoning module GraphEditor (225)
[2017.06.19-15.57.16:196][392]LogModuleManager: Shutting down and abandoning module ContentBrowser (223)
[2017.06.19-15.57.16:197][392]LogModuleManager: Shutting down and abandoning module LightPropagationVolumeRuntime (220)
[2017.06.19-15.57.16:197][392]LogModuleManager: Shutting down and abandoning module Paper2D (218)
[2017.06.19-15.57.16:208][392]LogModuleManager: Shutting down and abandoning module WindowsMoviePlayer (216)
[2017.06.19-15.57.16:208][392]LogModuleManager: Shutting down and abandoning module WmfMedia (214)
[2017.06.19-15.57.16:208][392]LogModuleManager: Shutting down and abandoning module ClothingSystemEditor (212)
[2017.06.19-15.57.16:208][392]LogModuleManager: Shutting down and abandoning module ClothingSystemRuntime (210)
[2017.06.19-15.57.16:229][392]LogModuleManager: Shutting down and abandoning module MediaAssets (208)
[2017.06.19-15.57.16:229][392]LogModuleManager: Shutting down and abandoning module GameLiveStreaming (206)
[2017.06.19-15.57.16:241][392]LogModuleManager: Shutting down and abandoning module VREditor (204)
[2017.06.19-15.57.16:248][392]LogModuleManager: Shutting down and abandoning module StringTableEditor (202)
[2017.06.19-15.57.16:260][392]LogModuleManager: Shutting down and abandoning module GameplayTasksEditor (200)
[2017.06.19-15.57.16:260][392]LogModuleManager: Shutting down and abandoning module BehaviorTreeEditor (198)
[2017.06.19-15.57.16:277][392]LogModuleManager: Shutting down and abandoning module FunctionalTesting (196)
[2017.06.19-15.57.16:277][392]LogModuleManager: Shutting down and abandoning module CollisionAnalyzer (194)
[2017.06.19-15.57.16:287][392]LogModuleManager: Shutting down and abandoning module UMG (192)
[2017.06.19-15.57.16:302][392]LogModuleManager: Shutting down and abandoning module UMGEditor (191)
[2017.06.19-15.57.16:308][392]LogModuleManager: Shutting down and abandoning module Sequencer (190)
[2017.06.19-15.57.16:308][392]LogModuleManager: Shutting down and abandoning module AssetTools (188)
[2017.06.19-15.57.16:329][392]LogModuleManager: Shutting down and abandoning module MessageLog (187)
[2017.06.19-15.57.16:329][392]LogModuleManager: Shutting down and abandoning module WorkspaceMenuStructure (186)
[2017.06.19-15.57.16:329][392]LogModuleManager: Shutting down and abandoning module SlateReflector (180)
[2017.06.19-15.57.16:361][392]LogModuleManager: Shutting down and abandoning module Slate (178)
[2017.06.19-15.57.16:361][392]LogModuleManager: Shutting down and abandoning module EditorStyle (176)
[2017.06.19-15.57.16:362][392]LogModuleManager: Shutting down and abandoning module SourceCodeAccess (174)
[2017.06.19-15.57.16:362][392]LogModuleManager: Shutting down and abandoning module HeadMountedDisplay (172)
[2017.06.19-15.57.16:362][392]LogModuleManager: Shutting down and abandoning module XAudio2 (170)
[2017.06.19-15.57.16:362][392]LogModuleManager: Shutting down and abandoning module Networking (168)
[2017.06.19-15.57.16:362][392]LogModuleManager: Shutting down and abandoning module Core (164)
[2017.06.19-15.57.16:362][392]LogModuleManager: Shutting down and abandoning module AssetRegistry (162)
[2017.06.19-15.57.16:436][392]LogDirectoryWatcher: A directory notification for '../../../Engine/Content/' was aborted.
[2017.06.19-15.57.16:436][392]LogDirectoryWatcher: A directory notification for 'C:/Users/Tom/Documents/GitHub/Life/Life/Content/' was aborted.
[2017.06.19-15.57.16:436][392]LogDirectoryWatcher: A directory notification for '../../../Engine/Plugins/2D/Paper2D/Content/' was aborted.
[2017.06.19-15.57.16:436][392]LogDirectoryWatcher: A directory notification for '../../../Engine/Plugins/Runtime/GearVR/Content/' was aborted.
[2017.06.19-15.57.16:448][392]LogModuleManager: Shutting down and abandoning module DirectoryWatcher (161)
[2017.06.19-15.57.16:448][392]LogModuleManager: Shutting down and abandoning module KismetCompiler (158)
[2017.06.19-15.57.16:448][392]LogModuleManager: Shutting down and abandoning module LevelSequence (156)
[2017.06.19-15.57.16:448][392]LogModuleManager: Shutting down and abandoning module PhysXFormats (154)
[2017.06.19-15.57.16:448][392]LogModuleManager: Shutting down and abandoning module MeshUtilities (152)
[2017.06.19-15.57.16:464][392]LogModuleManager: Shutting down and abandoning module SimplygonSwarm (151)
[2017.06.19-15.57.16:470][392]LogModuleManager: Shutting down and abandoning module SimplygonMeshReduction (149)
[2017.06.19-15.57.16:470][392]LogModuleManager: Shutting down and abandoning module QuadricMeshReduction (147)
[2017.06.19-15.57.16:480][392]LogModuleManager: Shutting down and abandoning module DerivedDataCache (144)
[2017.06.19-15.57.16:543][392]LogDerivedDataCache: Shutdown
[2017.06.19-15.57.16:543][392]LogModuleManager: Shutting down and abandoning module TargetPlatform (142)
[2017.06.19-15.57.16:543][392]LogModuleManager: Shutting down and abandoning module VulkanShaderFormat (141)
[2017.06.19-15.57.16:571][392]LogModuleManager: Shutting down and abandoning module ShaderFormatVectorVM (139)
[2017.06.19-15.57.16:581][392]LogModuleManager: Shutting down and abandoning module ShaderFormatOpenGL (137)
[2017.06.19-15.57.16:590][392]LogModuleManager: Shutting down and abandoning module ShaderFormatD3D (135)
[2017.06.19-15.57.16:590][392]LogModuleManager: Shutting down and abandoning module MetalShaderFormat (133)
[2017.06.19-15.57.16:609][392]LogModuleManager: Shutting down and abandoning module TextureFormatUncompressed (131)
[2017.06.19-15.57.16:609][392]LogModuleManager: Shutting down and abandoning module TextureFormatPVR (129)
[2017.06.19-15.57.16:609][392]LogModuleManager: Shutting down and abandoning module TextureFormatDXT (127)
[2017.06.19-15.57.16:609][392]LogModuleManager: Shutting down and abandoning module TextureFormatIntelISPCTexComp (125)
[2017.06.19-15.57.16:609][392]LogModuleManager: Shutting down and abandoning module TextureFormatASTC (123)
[2017.06.19-15.57.16:609][392]LogModuleManager: Shutting down and abandoning module ImageWrapper (122)
[2017.06.19-15.57.16:609][392]LogModuleManager: Shutting down and abandoning module TextureFormatAndroid (119)
[2017.06.19-15.57.16:609][392]LogModuleManager: Shutting down and abandoning module AudioFormatOpus (117)
[2017.06.19-15.57.16:609][392]LogModuleManager: Shutting down and abandoning module AudioFormatOgg (115)
[2017.06.19-15.57.16:609][392]LogModuleManager: Shutting down and abandoning module AudioFormatADPCM (113)
[2017.06.19-15.57.16:609][392]LogModuleManager: Shutting down and abandoning module LinuxTargetPlatform (111)
[2017.06.19-15.57.16:610][392]LogModuleManager: Shutting down and abandoning module LinuxServerTargetPlatform (109)
[2017.06.19-15.57.16:610][392]LogModuleManager: Shutting down and abandoning module LinuxNoEditorTargetPlatform (107)
[2017.06.19-15.57.16:610][392]LogModuleManager: Shutting down and abandoning module LinuxClientTargetPlatform (105)
[2017.06.19-15.57.16:610][392]LogModuleManager: Shutting down and abandoning module TVOSTargetPlatform (103)
[2017.06.19-15.57.16:610][392]LogModuleManager: Shutting down and abandoning module Messaging (101)
[2017.06.19-15.57.16:610][392]LogModuleManager: Shutting down and abandoning module IOSTargetPlatform (99)
[2017.06.19-15.57.16:610][392]LogModuleManager: Shutting down and abandoning module HTML5TargetPlatform (97)
[2017.06.19-15.57.16:610][392]LogModuleManager: Shutting down and abandoning module Android_PVRTCTargetPlatform (95)
[2017.06.19-15.57.16:610][392]LogModuleManager: Shutting down and abandoning module Android_MultiTargetPlatform (93)
[2017.06.19-15.57.16:610][392]LogModuleManager: Shutting down and abandoning module Android_ETC2TargetPlatform (91)
[2017.06.19-15.57.16:610][392]LogModuleManager: Shutting down and abandoning module Android_ETC1TargetPlatform (89)
[2017.06.19-15.57.16:610][392]LogModuleManager: Shutting down and abandoning module Android_DXTTargetPlatform (87)
[2017.06.19-15.57.16:610][392]LogModuleManager: Shutting down and abandoning module Android_ATCTargetPlatform (85)
[2017.06.19-15.57.16:610][392]LogModuleManager: Shutting down and abandoning module Android_ASTCTargetPlatform (83)
[2017.06.19-15.57.16:610][392]LogModuleManager: Shutting down and abandoning module AndroidTargetPlatform (81)
[2017.06.19-15.57.16:610][392]LogModuleManager: Shutting down and abandoning module WindowsTargetPlatform (79)
[2017.06.19-15.57.16:610][392]LogModuleManager: Shutting down and abandoning module WindowsServerTargetPlatform (77)
[2017.06.19-15.57.16:610][392]LogModuleManager: Shutting down and abandoning module WindowsNoEditorTargetPlatform (75)
[2017.06.19-15.57.16:610][392]LogModuleManager: Shutting down and abandoning module WindowsClientTargetPlatform (73)
[2017.06.19-15.57.16:610][392]LogModuleManager: Shutting down and abandoning module MacTargetPlatform (71)
[2017.06.19-15.57.16:610][392]LogModuleManager: Shutting down and abandoning module MacServerTargetPlatform (69)
[2017.06.19-15.57.16:610][392]LogModuleManager: Shutting down and abandoning module MacNoEditorTargetPlatform (67)
[2017.06.19-15.57.16:610][392]LogModuleManager: Shutting down and abandoning module MacClientTargetPlatform (65)
[2017.06.19-15.57.16:610][392]LogModuleManager: Shutting down and abandoning module AllDesktopTargetPlatform (63)
[2017.06.19-15.57.16:610][392]LogModuleManager: Shutting down and abandoning module InputCore (60)
[2017.06.19-15.57.16:610][392]LogModuleManager: Shutting down and abandoning module Settings (58)
[2017.06.19-15.57.16:610][392]LogModuleManager: Shutting down and abandoning module OculusRift (56)
[2017.06.19-15.57.16:610][392]LogHMD: Oculus shutdown.
[2017.06.19-15.57.16:611][392]LogModuleManager: Shutting down and abandoning module GearVRController (54)
[2017.06.19-15.57.16:611][392]LogModuleManager: Shutting down and abandoning module GearVR (52)
[2017.06.19-15.57.16:616][392]LogModuleManager: Shutting down and abandoning module ExampleDeviceProfileSelector (50)
[2017.06.19-15.57.16:616][392]LogModuleManager: Shutting down and abandoning module OnlineBlueprintSupport (48)
[2017.06.19-15.57.16:616][392]LogModuleManager: Shutting down and abandoning module OnlineSubsystem (44)
[2017.06.19-15.57.16:616][392]LogOnline:Display: Unloading online subsystem: NULL
[2017.06.19-15.57.16:651][392]LogModuleManager: Shutting down and abandoning module XMPP (43)
[2017.06.19-15.57.16:669][392]LogModuleManager: Shutting down and abandoning module HTTP (41)
[2017.06.19-15.57.16:669][392]LogHttp:Display: Http module shutting down, but needs to wait on 1 outstanding Http requests:
[2017.06.19-15.57.16:674][392]LogHttp:Display: 	verb=[POST] url=[https://datarouter.ol.epicgames.com/datarouter/api/v1/public/data?SessionID=%7BDFD9A906-4537-D91E-93D8-3C9FAE7C0A34%7D&AppID=UEEditor.Rocket.Release&AppVersion=4.16.1-3466753%2B%2B%2BUE4%2BRelease-4.16&UserID=9507d6a347edc37d65474c8629981c28%7Ccdc8881e81874f7b9309baf36bcfe432%7Cf9f02938-7094-4537-917c-c69c45de1e4a&AppEnvironment=datacollector-binary&UploadType=eteventstream] status=Processing
[2017.06.19-15.57.16:700][392]LogModuleManager: Shutting down and abandoning module SSL (40)
[2017.06.19-15.57.16:713][392]LogModuleManager: Shutting down and abandoning module HTTPChunkInstaller (36)
[2017.06.19-15.57.16:745][392]LogModuleManager: Shutting down and abandoning module AnimationModifiers (34)
[2017.06.19-15.57.16:761][392]LogModuleManager: Shutting down and abandoning module PropertyEditor (33)
[2017.06.19-15.57.16:761][392]LogModuleManager: Shutting down and abandoning module AudioEditor (30)
[2017.06.19-15.57.16:779][392]LogModuleManager: Shutting down and abandoning module TextureCompressor (28)
[2017.06.19-15.57.16:779][392]LogModuleManager: Shutting down and abandoning module ShaderCore (26)
[2017.06.19-15.57.16:779][392]LogModuleManager: Shutting down and abandoning module Landscape (24)
[2017.06.19-15.57.16:779][392]LogModuleManager: Shutting down and abandoning module SlateRHIRenderer (22)
[2017.06.19-15.57.16:794][392]LogModuleManager: Shutting down and abandoning module OpenGLDrv (20)
[2017.06.19-15.57.16:798][392]LogModuleManager: Shutting down and abandoning module D3D11RHI (18)
[2017.06.19-15.57.16:798][392]LogModuleManager: Shutting down and abandoning module AnimGraphRuntime (16)
[2017.06.19-15.57.16:801][392]LogModuleManager: Shutting down and abandoning module Renderer (14)
[2017.06.19-15.57.16:801][392]LogModuleManager: Shutting down and abandoning module Engine (12)
[2017.06.19-15.57.16:801][392]LogModuleManager: Shutting down and abandoning module CoreUObject (10)
[2017.06.19-15.57.16:801][392]LogModuleManager: Shutting down and abandoning module NetworkFile (8)
[2017.06.19-15.57.16:801][392]LogModuleManager: Shutting down and abandoning module StreamingFile (6)
[2017.06.19-15.57.16:801][392]LogModuleManager: Shutting down and abandoning module SandboxFile (4)
[2017.06.19-15.57.16:801][392]LogModuleManager: Shutting down and abandoning module PakFile (2)
[2017.06.19-15.57.16:809][392]LogExit: Exiting.
[2017.06.19-15.57.16:818][392]Log file closed, 06/19/17 16:57:16
